[Licensing::Module] Trying to connect to existing licensing client channel...
Built from '6000.5/staging' branch; Version is '6000.5.3f1 (c2eb47b3a2a9) revision 12774215'; Using compiler version '194234433'; Build Type 'Release'
[Licensing::IpcConnector] Successfully connected to: "LicenseClient-manay" at "2026-07-16T23:51:00.7716723Z"
OS: 'Windows 10  (10.0.19045) 64bit Professional' Language: 'ru' Physical Memory: 32691 MB
BatchMode: 1, IsHumanControllingUs: 0, StartBugReporterOnCrash: 0, Is64bit: 1
System  architecture: x64
Process architecture: x64
Date: 2026-07-16T23:51:00Z

COMMAND LINE ARGUMENTS:
C:\Program Files\Unity\Hub\Editor\6000.5.3f1\Editor\Unity.exe
-adb2
-batchMode
-noUpm
-name
AssetImportWorkerHW8
-projectPath
D:/Study_SkillBox_Unity/Lecture_Unity/Lecture14
-logFile
Logs/AssetImportWorkerHW8.log
-srvPort
52847
-parentPid
13424
-analyticsCloudUserId
10170604318720
-analyticsCloudProjectId
138996e7-cd8b-4e23-9567-bff28566770a
-analyticsLocalProjectId
0ef6d7e535a4dfb45b4b14f325025679
-licensingIpc
LicenseClient-manay
-noDiagnosticSwitchPersistentStore
-job-worker-count
9
-background-job-worker-count
8
-asset-garbage-collectors
1
-force-d3d12
-name
AssetImport
Successfully changed project path to: D:/Study_SkillBox_Unity/Lecture_Unity/Lecture14
D:/Study_SkillBox_Unity/Lecture_Unity/Lecture14
[UnityMemory] Configuration Parameters - Can be set up in boot.config
    "memorysetup-temp-allocator-size-gi-baking-worker=262144"
    "memorysetup-temp-allocator-size-gi-baking-worker=262144"
    "memorysetup-temp-allocator-size-gi-baking-worker=262144"
    "memorysetup-temp-allocator-size-gi-baking-worker=262144"
    "memorysetup-temp-allocator-size-gi-baking-worker=262144"
    "memorysetup-temp-allocator-size-nav-mesh-worker=65536"
    "memorysetup-temp-allocator-size-audio-worker=65536"
    "memorysetup-temp-allocator-size-cloud-worker=32768"
    "memorysetup-temp-allocator-size-gfx=262144"
    "memorysetup-temp-allocator-size-preload-manager=33554432"
    "memorysetup-allocator-temp-initial-block-size-main=262144"
    "memorysetup-allocator-temp-initial-block-size-worker=262144"
    "memorysetup-temp-allocator-size-job-worker=262144"
    "memorysetup-temp-allocator-size-background-worker=32768"
    "memorysetup-bucket-allocator-granularity=16"
    "memorysetup-bucket-allocator-bucket-count=8"
    "memorysetup-bucket-allocator-block-size=33554432"
    "memorysetup-bucket-allocator-block-count=8"
    "memorysetup-main-allocator-block-size=16777216"
    "memorysetup-thread-allocator-block-size=16777216"
    "memorysetup-main-allocator-mimalloc-enabled=0"
    "memorysetup-gfx-main-allocator-block-size=16777216"
    "memorysetup-gfx-thread-allocator-block-size=16777216"
    "memorysetup-cache-allocator-block-size=4194304"
    "memorysetup-typetree-allocator-block-size=2097152"
    "memorysetup-profiler-bucket-allocator-granularity=16"
    "memorysetup-profiler-bucket-allocator-bucket-count=8"
    "memorysetup-profiler-bucket-allocator-block-size=33554432"
    "memorysetup-profiler-bucket-allocator-block-count=8"
    "memorysetup-profiler-allocator-block-size=16777216"
    "memorysetup-profiler-editor-allocator-block-size=1048576"
    "memorysetup-temp-allocator-size-main=16777216"
    "memorysetup-job-temp-allocator-block-size=2097152"
    "memorysetup-job-temp-allocator-block-size-background=1048576"
    "memorysetup-job-temp-allocator-reduction-small-platforms=262144"
Player connection [14828]  Target information:

Player connection [14828]  * "[IP] 192.168.3.2 [Port] 0 [Flags] 2 [Guid] 2159123578 [EditorId] 2159123578 [Version] 1048832 [Id] WindowsEditor(7,DESKTOP-555S5OC) [Debug] 1 [PackageName] WindowsEditor [ProjectName] Editor" 

Player connection [14828] Host joined multi-casting on [225.0.0.222:54997]...
Player connection [14828] Host joined alternative multi-casting on [225.0.0.222:34997]...
JobSystem: Creating JobQueue using job-worker-count value 9
Input System module state changed to: Initialized.
[Physics::Module] Initialized fallback backend.
[Physics::Module] Id: 0xdecafbad
Library Redirect Path: Library/
[Physics::Module] Selected backend.
[Physics::Module] Name: PhysX
[Physics::Module] Id: 0xf2b8ea05
[Physics::Module] SDK Version: 4.1.2
[Physics::Module] Integration Version: 1.0.0
[Physics::Module] Threading Mode: Multi-Threaded
Refreshing native plugins compatible for Editor in 6.22 ms, found 4 plugins.
Initialize engine version: 6000.5.3f1 (c2eb47b3a2a9)
[Subsystems] Discovering subsystems at path C:/Program Files/Unity/Hub/Editor/6000.5.3f1/Editor/Data/Resources/UnitySubsystems
[Subsystems] Discovering subsystems at path D:/Study_SkillBox_Unity/Lecture_Unity/Lecture14/Assets
Forcing GfxDevice: Direct3D 12
GfxDevice: creating device client; kGfxThreadingModeNonThreaded
d3d12: failed to query info queue interface (0x80004002).
Direct3D:
    Version:         Direct3D 12 [level 12.0]
    Renderer:        Radeon RX550/550 Series (ID=0x699f)
    Vendor:          ATI
    VRAM:            2027 MB
    App VRAM Budget: 1723 MB
    Driver:          31.0.21925.1001
Initialize mono
Mono path[0] = 'C:/Program Files/Unity/Hub/Editor/6000.5.3f1/Editor/Data/Managed'
Mono path[1] = 'C:/Program Files/Unity/Hub/Editor/6000.5.3f1/Editor/Data/BCLExtensions/runtime/netstandard2.1'
Mono path[2] = 'C:/Program Files/Unity/Hub/Editor/6000.5.3f1/Editor/Data/MonoBleedingEdge/lib/mono/unityjit-win32'
Mono config path = 'C:/Program Files/Unity/Hub/Editor/6000.5.3f1/Editor/Data/MonoBleedingEdge/etc'
Using monoOptions --debugger-agent=transport=dt_socket,embedding=1,server=y,suspend=n,address=127.0.0.1:56300
CodeReloadManager initialized
Begin MonoManager ReloadAssembly
Registering precompiled unity dll's ...
Register platform support module: C:/Program Files/Unity/Hub/Editor/6000.5.3f1/Editor/Data/PlaybackEngines/WebGLSupport/UnityEditor.WebGL.Extensions.dll
Register platform support module: C:/Program Files/Unity/Hub/Editor/6000.5.3f1/Editor/Data/PlaybackEngines/WindowsStandaloneSupport/UnityEditor.WindowsStandalone.Extensions.dll
Registered in 0.005592 seconds.
Native extension for WindowsStandalone target not found
Native extension for WebGL target not found
[Licensing::Client] Error: HandshakeResponse reported an error:
	ResponseCode: 505
	ResponseStatus: Unsupported protocol version '1.18.1'.
[Licensing::Module] Error: Failed to handshake to channel: "LicenseClient-manay"
[Licensing::IpcConnector] LicenseClient-manay channel disconnected successfully.
[Licensing::IpcConnector] Successfully connected to: "LicenseClient-manay-6000.5.3" at "2026-07-16T23:51:02.9698799Z"
[Licensing::Client] Code 10 while verifying Licensing Client signature (process Id: 3384, path: "C:/Program Files/Unity/Hub/Editor/6000.5.3f1/Editor/Data/Resources/Licensing/Client/Unity.Licensing.Client.exe")
[Licensing::Module] LicensingClient has failed validation; ignoring
[Licensing::Client] Handshaking with LicensingClient:
  Version:                 1.18.1+9fbee8e
  Session Id:              35569f6425664089a4bcdb212e313fcd
  Correlation Id:          761efa5b70ba62cc611e21e693e20ccc
  External correlation Id: 5764122093518933120
  Machine Id:              j+KDI9dr2v7fIk8nSuYMBFzlSrU=
[Licensing::Module] Successfully connected to LicensingClient on channel: "LicenseClient-manay-6000.5.3" (connect: 0.00s, validation: 0.00s, handshake: 0.01s)
[Licensing::IpcConnector] Successfully connected to: "LicenseClient-manay-6000.5.3-notifications" at "2026-07-16T23:51:02.9814752Z"
[Licensing::Module] Licensing Background thread has ended after 2.21s
Package Manager log level set to [2]
[Package Manager] Failed to launch server process. Reason: Unity was launched with the -noUpm command-line argument
[Package Manager] Unable to send message (not connected to server process).
[Package Manager] Cannot connect to Unity Package Manager local server
ScheduleIndexationOnStartup MainProcess:False IndexOnStartup:True
Mono: successfully reloaded assembly
- Finished resetting the current domain, in  0.785 seconds
Domain Reload Profiling: 1875ms
	BeginReloadAssembly (282ms)
	RebuildCommonClasses (9ms)
	RebuildNativeTypeToScriptingClass (37ms)
	initialDomainReloadingComplete (145ms)
	LoadAllAssembliesAndSetupDomain (612ms)
		LoadAssemblies (272ms)
		AnalyzeDomain (439ms)
			TypeCache.Refresh (437ms)
				TypeCache.ScanAssembly (409ms)
	FinalizeReload (789ms)
		SetupLoadedEditorAssemblies (0ms)
			InitializePlatformSupportModulesInManaged (5ms)
			BeforeProcessingInitializeOnLoad (196ms)
			ProcessInitializeOnLoadAttributes (202ms)
			ProcessInitializeOnLoadMethodAttributes (217ms)
Initializing Unity extensions:
[Licensing::Client] Successfully resolved entitlement details
[Licensing::Module] License group:
  Id: 10170604318720-UnityPersXXXX
  Product: Unity Personal
  Type: Assigned
  Expiration: Unlimited
Curl error 3: URL rejected: Malformed input to a URL function
========================================================================
Worker process is ready to serve import requests
Import Worker Mode flag is 0x00
Begin MonoManager ReloadAssembly
Refreshing native plugins compatible for Editor in 2.31 ms, found 4 plugins.
Native extension for WindowsStandalone target not found
Native extension for WebGL target not found
[Package Manager] Failed to launch server process. Reason: Unity was launched with the -noUpm command-line argument
[Package Manager] Unable to send message (not connected to server process).
[Package Manager] Cannot connect to Unity Package Manager local server
Refreshing native plugins compatible for Editor in 2.57 ms, found 4 plugins.
[Package Manager] Failed to launch server process. Reason: Unity was launched with the -noUpm command-line argument
[Package Manager] Unable to send message (not connected to server process).
[Package Manager] Cannot connect to Unity Package Manager local server
[MODES] ModeService[none].Initialize
[MODES] ModeService[none].LoadModes
[MODES] Loading mode Default (0) for mode-current-id-Lecture14
ScheduleIndexationOnStartup MainProcess:False IndexOnStartup:True
Mono: successfully reloaded assembly
- Finished resetting the current domain, in  1.584 seconds
Domain Reload Profiling: 3417ms
	BeginReloadAssembly (391ms)
		DisableScriptedObjects (13ms)
		CreateAndSetChildDomain (55ms)
	RebuildCommonClasses (16ms)
	RebuildNativeTypeToScriptingClass (39ms)
	initialDomainReloadingComplete (117ms)
	LoadAllAssembliesAndSetupDomain (1268ms)
		LoadAssemblies (698ms)
		AnalyzeDomain (540ms)
			TypeCache.Refresh (366ms)
				TypeCache.ScanAssembly (337ms)
			BuildScriptInfoCaches (152ms)
			ResolveRequiredComponents (17ms)
	FinalizeReload (1586ms)
		SetupLoadedEditorAssemblies (0ms)
			InitializePlatformSupportModulesInManaged (5ms)
			BeforeProcessingInitializeOnLoad (195ms)
			ProcessInitializeOnLoadAttributes (610ms)
			ProcessInitializeOnLoadMethodAttributes (306ms)
			AfterProcessingInitializeOnLoad (16ms)
		AwakeInstancesAfterBackupRestoration (5ms)
AcceleratorClientConnectionCallback - disconnected - :0
Shader Hidden/ChartRasterizerHardware is not supported: GPU does not support conservative rasterization
Shader Hidden/ChartRasterizerHardware is not supported: GPU does not support conservative rasterization
Launched and connected shader compiler UnityShaderCompiler.exe after 0.01 seconds
Refreshing native plugins compatible for Editor in 2.33 ms, found 4 plugins.
Unloading 25 Unused Serialized files (Serialized files now loaded: 0)
Curl error 3: URL rejected: Malformed input to a URL function
Unloading 6801 unused Assets / (5.9 MB). Loaded Objects now: 7638.
Memory consumption went from 326.9 MB to 321.0 MB.
Total: 20.170500 ms (FindLiveObjects: 1.194200 ms CreateObjectMapping: 3.096600 ms MarkObjects: 11.942000 ms  DeleteObjects: 3.934800 ms)

========================================================================
Received Prepare
AcceleratorClientConnectionCallback - disconnected - :0
Shader Hidden/ChartRasterizerHardware is not supported: GPU does not support conservative rasterization
Refreshing native plugins compatible for Editor in 2.64 ms, found 4 plugins.
Unloading 25 Unused Serialized files (Serialized files now loaded: 0)
Unloading 25 unused Assets / (2.7 MB). Loaded Objects now: 7638.
Memory consumption went from 319.4 MB to 316.7 MB.
Total: 15.841500 ms (FindLiveObjects: 0.691000 ms CreateObjectMapping: 1.148300 ms MarkObjects: 13.360500 ms  DeleteObjects: 0.639900 ms)

Prepare: number of updated asset objects reloaded= 0
========================================================================
Received Import Request.
  Time of request: 2026-07-17T04:32:11.3858642Z
  Time since last request: 156426.89558849998866 seconds.
  importAddress: GUID: 9eda61f8f7af76a4ca831e5ec3aa67ca - Path: Assets/Cartoon_Texture_Pack/WOOD/WOOD_Plain/Textures/Wood_Plain_B_Normal.png - Importer: PreviewImporter
Importing 'GUID: 9eda61f8f7af76a4ca831e5ec3aa67ca - Path: Assets/Cartoon_Texture_Pack/WOOD/WOOD_Plain/Textures/Wood_Plain_B_Normal.png - Importer: PreviewImporter' with importer (PreviewImporter)
Imported 'GUID: 9eda61f8f7af76a4ca831e5ec3aa67ca' -> (Import Result ID: 'ddcd4955b54672228dc4d6578003cb60') in 0.187 seconds [static and dynamic dependencies]. Details - ImportResultOutputID=6a992f2646bd3fbb54cb749526b6f7b1 DependenciesID=2a7088d93d4c262b3e5992c10637fbe0 StaticDependenciesID=e8a87bf22886d5bb7f1d834f6ba7dca0 
Number of updated asset objects reloaded before import = 0
Number of asset objects unloaded after import = 2
========================================================================
Received Import Request.
  Time of request: 2026-07-17T04:32:11.6024021Z
  Time since last request: 0.0000397 seconds.
  importAddress: GUID: c624015efb5eb544caf58af7079bf884 - Path: Assets/Cartoon_Texture_Pack/WOOD/WOOD_Planks/Textures/Wood_Planks_A_AO.png - Importer: PreviewImporter
Importing 'GUID: c624015efb5eb544caf58af7079bf884 - Path: Assets/Cartoon_Texture_Pack/WOOD/WOOD_Planks/Textures/Wood_Planks_A_AO.png - Importer: PreviewImporter' with importer (PreviewImporter)
Imported 'GUID: c624015efb5eb544caf58af7079bf884' -> (Import Result ID: '4081871ed2fce364291dc6c5dae2163d') in 0.035 seconds [static and dynamic dependencies]. Details - ImportResultOutputID=674e64c3e6588d0635ca6e92d038be63 DependenciesID=dcf095f5475d9367e32b11cde3d1094b StaticDependenciesID=7918ecc0afeab020fd8681a88a41c217 
Number of updated asset objects reloaded before import = 0
Number of asset objects unloaded after import = 2
Editor requested this worker to shutdown with reason: Scaling down because of idle timeout
AcceleratorClientConnectionCallback - disconnected - :0
AssetImportWorker is now disconnected from the server
Process exiting
Exiting without the bug reporter. Application will terminate with return code 0