[Licensing::Module] Trying to connect to existing licensing client channel...
Built from '6000.5/staging' branch; Version is '6000.5.3f1 (c2eb47b3a2a9) revision 12774215'; Using compiler version '194234433'; Build Type 'Release'
[Licensing::IpcConnector] Successfully connected to: "LicenseClient-manay" at "2026-07-17T04:32:11.5860893Z"
OS: 'Windows 10  (10.0.19045) 64bit Professional' Language: 'ru' Physical Memory: 32691 MB
BatchMode: 1, IsHumanControllingUs: 0, StartBugReporterOnCrash: 0, Is64bit: 1
System  architecture: x64
Process architecture: x64
Date: 2026-07-17T04:32:11Z

COMMAND LINE ARGUMENTS:
C:\Program Files\Unity\Hub\Editor\6000.5.3f1\Editor\Unity.exe
-adb2
-batchMode
-noUpm
-name
AssetImportWorkerHW9
-projectPath
D:/Study_SkillBox_Unity/Lecture_Unity/Lecture14
-logFile
Logs/AssetImportWorkerHW9.log
-srvPort
52847
-parentPid
13424
-analyticsCloudUserId
10170604318720
-analyticsCloudProjectId
138996e7-cd8b-4e23-9567-bff28566770a
-analyticsLocalProjectId
0ef6d7e535a4dfb45b4b14f325025679
-licensingIpc
LicenseClient-manay
-noDiagnosticSwitchPersistentStore
-job-worker-count
9
-background-job-worker-count
8
-asset-garbage-collectors
1
-force-d3d12
-name
AssetImport
Successfully changed project path to: D:/Study_SkillBox_Unity/Lecture_Unity/Lecture14
D:/Study_SkillBox_Unity/Lecture_Unity/Lecture14
[UnityMemory] Configuration Parameters - Can be set up in boot.config
    "memorysetup-temp-allocator-size-gi-baking-worker=262144"
    "memorysetup-temp-allocator-size-gi-baking-worker=262144"
    "memorysetup-temp-allocator-size-gi-baking-worker=262144"
    "memorysetup-temp-allocator-size-gi-baking-worker=262144"
    "memorysetup-temp-allocator-size-gi-baking-worker=262144"
    "memorysetup-temp-allocator-size-nav-mesh-worker=65536"
    "memorysetup-temp-allocator-size-audio-worker=65536"
    "memorysetup-temp-allocator-size-cloud-worker=32768"
    "memorysetup-temp-allocator-size-gfx=262144"
    "memorysetup-temp-allocator-size-preload-manager=33554432"
    "memorysetup-allocator-temp-initial-block-size-main=262144"
    "memorysetup-allocator-temp-initial-block-size-worker=262144"
    "memorysetup-temp-allocator-size-job-worker=262144"
    "memorysetup-temp-allocator-size-background-worker=32768"
    "memorysetup-bucket-allocator-granularity=16"
    "memorysetup-bucket-allocator-bucket-count=8"
    "memorysetup-bucket-allocator-block-size=33554432"
    "memorysetup-bucket-allocator-block-count=8"
    "memorysetup-main-allocator-block-size=16777216"
    "memorysetup-thread-allocator-block-size=16777216"
    "memorysetup-main-allocator-mimalloc-enabled=0"
    "memorysetup-gfx-main-allocator-block-size=16777216"
    "memorysetup-gfx-thread-allocator-block-size=16777216"
    "memorysetup-cache-allocator-block-size=4194304"
    "memorysetup-typetree-allocator-block-size=2097152"
    "memorysetup-profiler-bucket-allocator-granularity=16"
    "memorysetup-profiler-bucket-allocator-bucket-count=8"
    "memorysetup-profiler-bucket-allocator-block-size=33554432"
    "memorysetup-profiler-bucket-allocator-block-count=8"
    "memorysetup-profiler-allocator-block-size=16777216"
    "memorysetup-profiler-editor-allocator-block-size=1048576"
    "memorysetup-temp-allocator-size-main=16777216"
    "memorysetup-job-temp-allocator-block-size=2097152"
    "memorysetup-job-temp-allocator-block-size-background=1048576"
    "memorysetup-job-temp-allocator-reduction-small-platforms=262144"
Player connection [15436]  Target information:

Player connection [15436]  * "[IP] 192.168.3.2 [Port] 0 [Flags] 2 [Guid] 1432230578 [EditorId] 1432230578 [Version] 1048832 [Id] WindowsEditor(7,DESKTOP-555S5OC) [Debug] 1 [PackageName] WindowsEditor [ProjectName] Editor" 

Player connection [15436] Host joined multi-casting on [225.0.0.222:54997]...
Player connection [15436] Host joined alternative multi-casting on [225.0.0.222:34997]...
JobSystem: Creating JobQueue using job-worker-count value 9
Input System module state changed to: Initialized.
[Physics::Module] Initialized fallback backend.
[Physics::Module] Id: 0xdecafbad
Library Redirect Path: Library/
[Physics::Module] Selected backend.
[Physics::Module] Name: PhysX
[Physics::Module] Id: 0xf2b8ea05
[Physics::Module] SDK Version: 4.1.2
[Physics::Module] Integration Version: 1.0.0
[Physics::Module] Threading Mode: Multi-Threaded
Refreshing native plugins compatible for Editor in 5.45 ms, found 4 plugins.
Initialize engine version: 6000.5.3f1 (c2eb47b3a2a9)
[Subsystems] Discovering subsystems at path C:/Program Files/Unity/Hub/Editor/6000.5.3f1/Editor/Data/Resources/UnitySubsystems
[Subsystems] Discovering subsystems at path D:/Study_SkillBox_Unity/Lecture_Unity/Lecture14/Assets
Forcing GfxDevice: Direct3D 12
GfxDevice: creating device client; kGfxThreadingModeNonThreaded
d3d12: failed to query info queue interface (0x80004002).
Direct3D:
    Version:         Direct3D 12 [level 12.0]
    Renderer:        Radeon RX550/550 Series (ID=0x699f)
    Vendor:          ATI
    VRAM:            2027 MB
    App VRAM Budget: 1723 MB
    Driver:          31.0.21925.1001
Initialize mono
Mono path[0] = 'C:/Program Files/Unity/Hub/Editor/6000.5.3f1/Editor/Data/Managed'
Mono path[1] = 'C:/Program Files/Unity/Hub/Editor/6000.5.3f1/Editor/Data/BCLExtensions/runtime/netstandard2.1'
Mono path[2] = 'C:/Program Files/Unity/Hub/Editor/6000.5.3f1/Editor/Data/MonoBleedingEdge/lib/mono/unityjit-win32'
Mono config path = 'C:/Program Files/Unity/Hub/Editor/6000.5.3f1/Editor/Data/MonoBleedingEdge/etc'
Using monoOptions --debugger-agent=transport=dt_socket,embedding=1,server=y,suspend=n,address=127.0.0.1:56912
CodeReloadManager initialized
Begin MonoManager ReloadAssembly
Registering precompiled unity dll's ...
Register platform support module: C:/Program Files/Unity/Hub/Editor/6000.5.3f1/Editor/Data/PlaybackEngines/WebGLSupport/UnityEditor.WebGL.Extensions.dll
Register platform support module: C:/Program Files/Unity/Hub/Editor/6000.5.3f1/Editor/Data/PlaybackEngines/WindowsStandaloneSupport/UnityEditor.WindowsStandalone.Extensions.dll
Registered in 0.005572 seconds.
[Licensing::Client] Error: HandshakeResponse reported an error:
	ResponseCode: 505
	ResponseStatus: Unsupported protocol version '1.18.1'.
[Licensing::Module] Error: Failed to handshake to channel: "LicenseClient-manay"
[Licensing::IpcConnector] LicenseClient-manay channel disconnected successfully.
[Licensing::IpcConnector] Successfully connected to: "LicenseClient-manay-6000.5.3" at "2026-07-17T04:32:13.8093309Z"
[Licensing::Client] Code 10 while verifying Licensing Client signature (process Id: 3384, path: "C:/Program Files/Unity/Hub/Editor/6000.5.3f1/Editor/Data/Resources/Licensing/Client/Unity.Licensing.Client.exe")
[Licensing::Module] LicensingClient has failed validation; ignoring
[Licensing::Client] Handshaking with LicensingClient:
  Version:                 1.18.1+9fbee8e
  Session Id:              048735d38637410eb5aa3fe2d7c8e678
  Correlation Id:          761efa5b70ba62cc611e21e693e20ccc
  External correlation Id: 4041960110715183096
  Machine Id:              j+KDI9dr2v7fIk8nSuYMBFzlSrU=
[Licensing::Module] Successfully connected to LicensingClient on channel: "LicenseClient-manay-6000.5.3" (connect: 0.00s, validation: 0.00s, handshake: 0.01s)
[Licensing::IpcConnector] Successfully connected to: "LicenseClient-manay-6000.5.3-notifications" at "2026-07-17T04:32:13.821239Z"
[Licensing::Module] Licensing Background thread has ended after 2.24s
Native extension for WindowsStandalone target not found
Native extension for WebGL target not found
Package Manager log level set to [2]
[Package Manager] Failed to launch server process. Reason: Unity was launched with the -noUpm command-line argument
[Package Manager] Unable to send message (not connected to server process).
[Package Manager] Cannot connect to Unity Package Manager local server
ScheduleIndexationOnStartup MainProcess:False IndexOnStartup:True
Mono: successfully reloaded assembly
- Finished resetting the current domain, in  0.787 seconds
Domain Reload Profiling: 1905ms
	BeginReloadAssembly (284ms)
	RebuildCommonClasses (9ms)
	RebuildNativeTypeToScriptingClass (37ms)
	initialDomainReloadingComplete (147ms)
	LoadAllAssembliesAndSetupDomain (638ms)
		LoadAssemblies (273ms)
		AnalyzeDomain (460ms)
			TypeCache.Refresh (458ms)
				TypeCache.ScanAssembly (430ms)
	FinalizeReload (791ms)
		SetupLoadedEditorAssemblies (0ms)
			InitializePlatformSupportModulesInManaged (5ms)
			BeforeProcessingInitializeOnLoad (197ms)
			ProcessInitializeOnLoadAttributes (202ms)
			ProcessInitializeOnLoadMethodAttributes (217ms)
Initializing Unity extensions:
[Licensing::Client] Successfully resolved entitlement details
[Licensing::Module] License group:
  Id: 10170604318720-UnityPersXXXX
  Product: Unity Personal
  Type: Assigned
  Expiration: Unlimited
Curl error 3: URL rejected: Malformed input to a URL function
========================================================================
Worker process is ready to serve import requests
Import Worker Mode flag is 0x00
Begin MonoManager ReloadAssembly
Refreshing native plugins compatible for Editor in 2.19 ms, found 4 plugins.
Native extension for WindowsStandalone target not found
Native extension for WebGL target not found
[Package Manager] Failed to launch server process. Reason: Unity was launched with the -noUpm command-line argument
[Package Manager] Unable to send message (not connected to server process).
[Package Manager] Cannot connect to Unity Package Manager local server
Refreshing native plugins compatible for Editor in 2.69 ms, found 4 plugins.
[Package Manager] Failed to launch server process. Reason: Unity was launched with the -noUpm command-line argument
[Package Manager] Unable to send message (not connected to server process).
[Package Manager] Cannot connect to Unity Package Manager local server
[MODES] ModeService[none].Initialize
[MODES] ModeService[none].LoadModes
[MODES] Loading mode Default (0) for mode-current-id-Lecture14
ScheduleIndexationOnStartup MainProcess:False IndexOnStartup:True
Mono: successfully reloaded assembly
- Finished resetting the current domain, in  1.595 seconds
Domain Reload Profiling: 3480ms
	BeginReloadAssembly (404ms)
		DisableScriptedObjects (13ms)
		CreateAndSetChildDomain (54ms)
	RebuildCommonClasses (16ms)
	RebuildNativeTypeToScriptingClass (40ms)
	initialDomainReloadingComplete (129ms)
	LoadAllAssembliesAndSetupDomain (1295ms)
		LoadAssemblies (732ms)
		AnalyzeDomain (540ms)
			TypeCache.Refresh (370ms)
				TypeCache.ScanAssembly (342ms)
			BuildScriptInfoCaches (150ms)
			ResolveRequiredComponents (17ms)
	FinalizeReload (1596ms)
		SetupLoadedEditorAssemblies (0ms)
			InitializePlatformSupportModulesInManaged (5ms)
			BeforeProcessingInitializeOnLoad (196ms)
			ProcessInitializeOnLoadAttributes (618ms)
			ProcessInitializeOnLoadMethodAttributes (305ms)
			AfterProcessingInitializeOnLoad (18ms)
		AwakeInstancesAfterBackupRestoration (5ms)
AcceleratorClientConnectionCallback - disconnected - :0
Shader Hidden/ChartRasterizerHardware is not supported: GPU does not support conservative rasterization
Shader Hidden/ChartRasterizerHardware is not supported: GPU does not support conservative rasterization
Launched and connected shader compiler UnityShaderCompiler.exe after 0.02 seconds
Refreshing native plugins compatible for Editor in 2.34 ms, found 4 plugins.
Unloading 25 Unused Serialized files (Serialized files now loaded: 0)
Curl error 3: URL rejected: Malformed input to a URL function
Unloading 6801 unused Assets / (5.9 MB). Loaded Objects now: 7638.
Memory consumption went from 327.5 MB to 321.6 MB.
Total: 20.321200 ms (FindLiveObjects: 1.108300 ms CreateObjectMapping: 3.082800 ms MarkObjects: 12.080700 ms  DeleteObjects: 4.046100 ms)

========================================================================
Received Import Request.
  Time of request: 2026-07-17T04:35:27.013121Z
  Time since last request: 156622.52284620000864 seconds.
  importAddress: GUID: 23c1eb35529d2f84cb892d98eafad538 - Path: Assets/Materials/Materials/ancient-pot1-unity/ancient-pot1_preview.jpg - Importer: ScriptedImporter/UnityEditor.QuickSearchModule:UnityEditor.Search:ASIAI0B
Importing 'GUID: 23c1eb35529d2f84cb892d98eafad538 - Path: Assets/Materials/Materials/ancient-pot1-unity/ancient-pot1_preview.jpg - Importer: ScriptedImporter/UnityEditor.QuickSearchModule:UnityEditor.Search:ASIAI0B' with importer (ScriptedImporter : UnityEditor.QuickSearchModule:UnityEditor.Search:ASIAI0B)
Imported 'GUID: 23c1eb35529d2f84cb892d98eafad538' -> (Import Result ID: '8ae6fc79d21e05212d5ba3b9e18cd395') in 0.225 seconds [static and dynamic dependencies]. Details - ImportResultOutputID=c0b6b24de8b1216b7306df4482445dff DependenciesID=4efc9f0f59a5b3f6d95cf76d76112a72 StaticDependenciesID=734c586180a975286bba5d71a8301a76 
Number of updated asset objects reloaded before import = 0
Number of asset objects unloaded after import = 1
========================================================================
Received Import Request.
  Time of request: 2026-07-17T04:35:27.2597389Z
  Time since last request: 0.0003294 seconds.
  importAddress: GUID: 29f2785ca69c29c4d989fef6a936728c - Path: Assets/Materials/Materials/ancient-pot1-unity/ancient-pot1_metalness.psd - Importer: ScriptedImporter/UnityEditor.QuickSearchModule:UnityEditor.Search:ASIAI0B
Importing 'GUID: 29f2785ca69c29c4d989fef6a936728c - Path: Assets/Materials/Materials/ancient-pot1-unity/ancient-pot1_metalness.psd - Importer: ScriptedImporter/UnityEditor.QuickSearchModule:UnityEditor.Search:ASIAI0B' with importer (ScriptedImporter : UnityEditor.QuickSearchModule:UnityEditor.Search:ASIAI0B)
Imported 'GUID: 29f2785ca69c29c4d989fef6a936728c' -> (Import Result ID: 'ef99f5d64123cb6d16be1f975dcb87fe') in 0.017 seconds [static and dynamic dependencies]. Details - ImportResultOutputID=1ec85277ebc51abc44ece21aef291138 DependenciesID=f551054f1e6ab6c05b6fff7968af00a7 StaticDependenciesID=fe5e90e2931c3600bd76c22c1fb41014 
Number of updated asset objects reloaded before import = 0
Number of asset objects unloaded after import = 1
========================================================================
Received Import Request.
  Time of request: 2026-07-17T04:35:27.2959327Z
  Time since last request: 0.0006279 seconds.
  importAddress: GUID: 1f21d5ac8dad4734bb43db84411fe576 - Path: Assets/Materials/Materials/ancient-pot1-unity/ancient-pot1_normal-ogl.png - Importer: ScriptedImporter/UnityEditor.QuickSearchModule:UnityEditor.Search:ASIAI0B
Importing 'GUID: 1f21d5ac8dad4734bb43db84411fe576 - Path: Assets/Materials/Materials/ancient-pot1-unity/ancient-pot1_normal-ogl.png - Importer: ScriptedImporter/UnityEditor.QuickSearchModule:UnityEditor.Search:ASIAI0B' with importer (ScriptedImporter : UnityEditor.QuickSearchModule:UnityEditor.Search:ASIAI0B)
Imported 'GUID: 1f21d5ac8dad4734bb43db84411fe576' -> (Import Result ID: 'acc44ac855e8b96b303e299fb76ac0e4') in 0.016 seconds [static and dynamic dependencies]. Details - ImportResultOutputID=e54f8ed804fddcb116e79792e73de8a0 DependenciesID=f4510004ccf214dbb1e7425240f39e2b StaticDependenciesID=57876ecef0a7c82035cd141f4ff5244c 
Number of updated asset objects reloaded before import = 0
Number of asset objects unloaded after import = 1
========================================================================
Received Import Request.
  Time of request: 2026-07-17T04:35:27.3293885Z
  Time since last request: 0.0004742 seconds.
  importAddress: GUID: 5c416ee0026ae4343b2f56f452baf765 - Path: Assets/Materials/Materials/ancient-pot1-unity/ancient-pot1_ao.png - Importer: ScriptedImporter/UnityEditor.QuickSearchModule:UnityEditor.Search:ASIAI0B
Importing 'GUID: 5c416ee0026ae4343b2f56f452baf765 - Path: Assets/Materials/Materials/ancient-pot1-unity/ancient-pot1_ao.png - Importer: ScriptedImporter/UnityEditor.QuickSearchModule:UnityEditor.Search:ASIAI0B' with importer (ScriptedImporter : UnityEditor.QuickSearchModule:UnityEditor.Search:ASIAI0B)
Imported 'GUID: 5c416ee0026ae4343b2f56f452baf765' -> (Import Result ID: '8fe7353e45d9469cbd7fe4265d7cf36e') in 0.015 seconds [static and dynamic dependencies]. Details - ImportResultOutputID=90768c022cf5f8cdd88aa039fca05a83 DependenciesID=9219843678b6c3c33fc1e7513579d1e3 StaticDependenciesID=282936febf72594d7c9a17cdb28831d8 
Number of updated asset objects reloaded before import = 0
Number of asset objects unloaded after import = 1
========================================================================
Received Import Request.
  Time of request: 2026-07-17T04:35:27.3613419Z
  Time since last request: 0.0004478 seconds.
  importAddress: GUID: eced403d25c44fe49a9a617672c44557 - Path: Assets/Materials/Materials/ancient-pot1-unity - Importer: ScriptedImporter/UnityEditor.QuickSearchModule:UnityEditor.Search:ASIAI0B
Importing 'GUID: eced403d25c44fe49a9a617672c44557 - Path: Assets/Materials/Materials/ancient-pot1-unity - Importer: ScriptedImporter/UnityEditor.QuickSearchModule:UnityEditor.Search:ASIAI0B' with importer (ScriptedImporter : UnityEditor.QuickSearchModule:UnityEditor.Search:ASIAI0B)
Imported 'GUID: eced403d25c44fe49a9a617672c44557' -> (Import Result ID: '8b4a010d06b03799fa5b10dea01415bb') in 0.005 seconds [static and dynamic dependencies]. Details - ImportResultOutputID=e52c9bdca0c818b79d2489c311932115 DependenciesID=70ffdfe0e88c086311689bebadeb3ff3 StaticDependenciesID=187925955e9bd0681507c9d25245ff85 
Number of updated asset objects reloaded before import = 0
Number of asset objects unloaded after import = 1
========================================================================
Received Prepare
AcceleratorClientConnectionCallback - disconnected - :0
Shader Hidden/ChartRasterizerHardware is not supported: GPU does not support conservative rasterization
Refreshing native plugins compatible for Editor in 2.37 ms, found 4 plugins.
Unloading 25 Unused Serialized files (Serialized files now loaded: 0)
Unloading 25 unused Assets / (2.7 MB). Loaded Objects now: 7640.
Memory consumption went from 322.2 MB to 319.5 MB.
Total: 15.134900 ms (FindLiveObjects: 0.647500 ms CreateObjectMapping: 1.116100 ms MarkObjects: 12.731600 ms  DeleteObjects: 0.638100 ms)

Prepare: number of updated asset objects reloaded= 0
========================================================================
Received Import Request.
  Time of request: 2026-07-17T04:35:37.4027634Z
  Time since last request: 10.0167729 seconds.
  importAddress: GUID: d5bc03634cd5b684292b6c13169d3a13 - Path: Assets/Materials/Materials/pine-tree-bark-unity/pine-tree-bark_ao.png - Importer: ScriptedImporter/UnityEditor.QuickSearchModule:UnityEditor.Search:ASIAI0B
Importing 'GUID: d5bc03634cd5b684292b6c13169d3a13 - Path: Assets/Materials/Materials/pine-tree-bark-unity/pine-tree-bark_ao.png - Importer: ScriptedImporter/UnityEditor.QuickSearchModule:UnityEditor.Search:ASIAI0B' with importer (ScriptedImporter : UnityEditor.QuickSearchModule:UnityEditor.Search:ASIAI0B)
Imported 'GUID: d5bc03634cd5b684292b6c13169d3a13' -> (Import Result ID: '0069f4190a94d9bbc490d92100d83855') in 0.016 seconds [static and dynamic dependencies]. Details - ImportResultOutputID=a973b8fbc6b457c7f8a5481d06bf52d7 DependenciesID=0d46446bc4ef266c23e1db94b738e2a0 StaticDependenciesID=e777b4304a2e701300ceea0adcf11c8a 
Number of updated asset objects reloaded before import = 0
Number of asset objects unloaded after import = 1
========================================================================
Received Import Request.
  Time of request: 2026-07-17T04:35:37.4377032Z
  Time since last request: 0.0003835 seconds.
  importAddress: GUID: 7df1dce428da1ca44aab0708faa1f2cb - Path: Assets/Materials/Materials/pine-tree-bark-unity/pine-tree-bark_metallic.psd - Importer: ScriptedImporter/UnityEditor.QuickSearchModule:UnityEditor.Search:ASIAI0B
Importing 'GUID: 7df1dce428da1ca44aab0708faa1f2cb - Path: Assets/Materials/Materials/pine-tree-bark-unity/pine-tree-bark_metallic.psd - Importer: ScriptedImporter/UnityEditor.QuickSearchModule:UnityEditor.Search:ASIAI0B' with importer (ScriptedImporter : UnityEditor.QuickSearchModule:UnityEditor.Search:ASIAI0B)
Imported 'GUID: 7df1dce428da1ca44aab0708faa1f2cb' -> (Import Result ID: '7818f091d2b7168cf88672a7eafe60f1') in 0.018 seconds [static and dynamic dependencies]. Details - ImportResultOutputID=ed545aacf3d236e179710cf7063a9b30 DependenciesID=77e75a68439cc00b1c5e55bae24bad7c StaticDependenciesID=446d03b9bb77f921cc80744cbbc566cf 
Number of updated asset objects reloaded before import = 0
Number of asset objects unloaded after import = 1
========================================================================
Received Import Request.
  Time of request: 2026-07-17T04:35:37.4744433Z
  Time since last request: 0.000415 seconds.
  importAddress: GUID: fce5d912fc7256b44b2174d5a8c9159f - Path: Assets/Materials/Materials/pine-tree-bark-unity/pine-tree-bark_height.png - Importer: ScriptedImporter/UnityEditor.QuickSearchModule:UnityEditor.Search:ASIAI0B
Importing 'GUID: fce5d912fc7256b44b2174d5a8c9159f - Path: Assets/Materials/Materials/pine-tree-bark-unity/pine-tree-bark_height.png - Importer: ScriptedImporter/UnityEditor.QuickSearchModule:UnityEditor.Search:ASIAI0B' with importer (ScriptedImporter : UnityEditor.QuickSearchModule:UnityEditor.Search:ASIAI0B)
Imported 'GUID: fce5d912fc7256b44b2174d5a8c9159f' -> (Import Result ID: 'cae8f913eee9f91b8378c378b23d3ae6') in 0.014 seconds [static and dynamic dependencies]. Details - ImportResultOutputID=9fa8b8c66a5dcfece21c9adf7c75bc14 DependenciesID=1c0cb624d997fc29640b013112ed2b69 StaticDependenciesID=87bedb2afbe88312618cae37cf9747e4 
Number of updated asset objects reloaded before import = 0
Number of asset objects unloaded after import = 1
Editor requested this worker to shutdown with reason: Scaling down because of idle timeout
AcceleratorClientConnectionCallback - disconnected - :0
AssetImportWorker is now disconnected from the server
Process exiting
Exiting without the bug reporter. Application will terminate with return code 0