[Licensing::Module] Trying to connect to existing licensing client channel...
Built from '6000.5/staging' branch; Version is '6000.5.3f1 (c2eb47b3a2a9) revision 12774215'; Using compiler version '194234433'; Build Type 'Release'
[Licensing::IpcConnector] Successfully connected to: "LicenseClient-manay" at "2026-07-17T04:35:27.1551805Z"
OS: 'Windows 10  (10.0.19045) 64bit Professional' Language: 'ru' Physical Memory: 32691 MB
BatchMode: 1, IsHumanControllingUs: 0, StartBugReporterOnCrash: 0, Is64bit: 1
System  architecture: x64
Process architecture: x64
Date: 2026-07-17T04:35:27Z

COMMAND LINE ARGUMENTS:
C:\Program Files\Unity\Hub\Editor\6000.5.3f1\Editor\Unity.exe
-adb2
-batchMode
-noUpm
-name
AssetImportWorkerHW11
-projectPath
D:/Study_SkillBox_Unity/Lecture_Unity/Lecture14
-logFile
Logs/AssetImportWorkerHW11.log
-srvPort
52847
-parentPid
13424
-analyticsCloudUserId
10170604318720
-analyticsCloudProjectId
138996e7-cd8b-4e23-9567-bff28566770a
-analyticsLocalProjectId
0ef6d7e535a4dfb45b4b14f325025679
-licensingIpc
LicenseClient-manay
-noDiagnosticSwitchPersistentStore
-job-worker-count
9
-background-job-worker-count
8
-asset-garbage-collectors
1
-force-d3d12
-name
AssetImport
Successfully changed project path to: D:/Study_SkillBox_Unity/Lecture_Unity/Lecture14
D:/Study_SkillBox_Unity/Lecture_Unity/Lecture14
[UnityMemory] Configuration Parameters - Can be set up in boot.config
    "memorysetup-temp-allocator-size-gi-baking-worker=262144"
    "memorysetup-temp-allocator-size-gi-baking-worker=262144"
    "memorysetup-temp-allocator-size-gi-baking-worker=262144"
    "memorysetup-temp-allocator-size-gi-baking-worker=262144"
    "memorysetup-temp-allocator-size-gi-baking-worker=262144"
    "memorysetup-temp-allocator-size-nav-mesh-worker=65536"
    "memorysetup-temp-allocator-size-audio-worker=65536"
    "memorysetup-temp-allocator-size-cloud-worker=32768"
    "memorysetup-temp-allocator-size-gfx=262144"
    "memorysetup-temp-allocator-size-preload-manager=33554432"
    "memorysetup-allocator-temp-initial-block-size-main=262144"
    "memorysetup-allocator-temp-initial-block-size-worker=262144"
    "memorysetup-temp-allocator-size-job-worker=262144"
    "memorysetup-temp-allocator-size-background-worker=32768"
    "memorysetup-bucket-allocator-granularity=16"
    "memorysetup-bucket-allocator-bucket-count=8"
    "memorysetup-bucket-allocator-block-size=33554432"
    "memorysetup-bucket-allocator-block-count=8"
    "memorysetup-main-allocator-block-size=16777216"
    "memorysetup-thread-allocator-block-size=16777216"
    "memorysetup-main-allocator-mimalloc-enabled=0"
    "memorysetup-gfx-main-allocator-block-size=16777216"
    "memorysetup-gfx-thread-allocator-block-size=16777216"
    "memorysetup-cache-allocator-block-size=4194304"
    "memorysetup-typetree-allocator-block-size=2097152"
    "memorysetup-profiler-bucket-allocator-granularity=16"
    "memorysetup-profiler-bucket-allocator-bucket-count=8"
    "memorysetup-profiler-bucket-allocator-block-size=33554432"
    "memorysetup-profiler-bucket-allocator-block-count=8"
    "memorysetup-profiler-allocator-block-size=16777216"
    "memorysetup-profiler-editor-allocator-block-size=1048576"
    "memorysetup-temp-allocator-size-main=16777216"
    "memorysetup-job-temp-allocator-block-size=2097152"
    "memorysetup-job-temp-allocator-block-size-background=1048576"
    "memorysetup-job-temp-allocator-reduction-small-platforms=262144"
Player connection [17896]  Target information:

Player connection [17896]  * "[IP] 192.168.3.2 [Port] 0 [Flags] 2 [Guid] 191638734 [EditorId] 191638734 [Version] 1048832 [Id] WindowsEditor(7,DESKTOP-555S5OC) [Debug] 1 [PackageName] WindowsEditor [ProjectName] Editor" 

Player connection [17896]  * "[IP] 172.17.37.61 [Port] 0 [Flags] 2 [Guid] 191638734 [EditorId] 191638734 [Version] 1048832 [Id] WindowsEditor(7,DESKTOP-555S5OC) [Debug] 1 [PackageName] WindowsEditor [ProjectName] Editor" 

Player connection [17896] Host joined multi-casting on [225.0.0.222:54997]...
Player connection [17896] Host joined alternative multi-casting on [225.0.0.222:34997]...
JobSystem: Creating JobQueue using job-worker-count value 9
Input System module state changed to: Initialized.
[Physics::Module] Initialized fallback backend.
[Physics::Module] Id: 0xdecafbad
Library Redirect Path: Library/
[Physics::Module] Selected backend.
[Physics::Module] Name: PhysX
[Physics::Module] Id: 0xf2b8ea05
[Physics::Module] SDK Version: 4.1.2
[Physics::Module] Integration Version: 1.0.0
[Physics::Module] Threading Mode: Multi-Threaded
Refreshing native plugins compatible for Editor in 4.85 ms, found 4 plugins.
Initialize engine version: 6000.5.3f1 (c2eb47b3a2a9)
[Subsystems] Discovering subsystems at path C:/Program Files/Unity/Hub/Editor/6000.5.3f1/Editor/Data/Resources/UnitySubsystems
[Subsystems] Discovering subsystems at path D:/Study_SkillBox_Unity/Lecture_Unity/Lecture14/Assets
Forcing GfxDevice: Direct3D 12
GfxDevice: creating device client; kGfxThreadingModeNonThreaded
d3d12: failed to query info queue interface (0x80004002).
Direct3D:
    Version:         Direct3D 12 [level 12.0]
    Renderer:        Radeon RX550/550 Series (ID=0x699f)
    Vendor:          ATI
    VRAM:            2027 MB
    App VRAM Budget: 1723 MB
    Driver:          31.0.21925.1001
Initialize mono
Mono path[0] = 'C:/Program Files/Unity/Hub/Editor/6000.5.3f1/Editor/Data/Managed'
Mono path[1] = 'C:/Program Files/Unity/Hub/Editor/6000.5.3f1/Editor/Data/BCLExtensions/runtime/netstandard2.1'
Mono path[2] = 'C:/Program Files/Unity/Hub/Editor/6000.5.3f1/Editor/Data/MonoBleedingEdge/lib/mono/unityjit-win32'
Mono config path = 'C:/Program Files/Unity/Hub/Editor/6000.5.3f1/Editor/Data/MonoBleedingEdge/etc'
Using monoOptions --debugger-agent=transport=dt_socket,embedding=1,server=y,suspend=n,address=127.0.0.1:56380
CodeReloadManager initialized
Begin MonoManager ReloadAssembly
Registering precompiled unity dll's ...
Register platform support module: C:/Program Files/Unity/Hub/Editor/6000.5.3f1/Editor/Data/PlaybackEngines/WebGLSupport/UnityEditor.WebGL.Extensions.dll
Register platform support module: C:/Program Files/Unity/Hub/Editor/6000.5.3f1/Editor/Data/PlaybackEngines/WindowsStandaloneSupport/UnityEditor.WindowsStandalone.Extensions.dll
Registered in 0.004874 seconds.
Native extension for WindowsStandalone target not found
Native extension for WebGL target not found
[Licensing::Client] Error: HandshakeResponse reported an error:
	ResponseCode: 505
	ResponseStatus: Unsupported protocol version '1.18.1'.
[Licensing::Module] Error: Failed to handshake to channel: "LicenseClient-manay"
[Licensing::IpcConnector] LicenseClient-manay channel disconnected successfully.
[Licensing::IpcConnector] Successfully connected to: "LicenseClient-manay-6000.5.3" at "2026-07-17T04:35:29.2625671Z"
[Licensing::Client] Code 10 while verifying Licensing Client signature (process Id: 3384, path: "C:/Program Files/Unity/Hub/Editor/6000.5.3f1/Editor/Data/Resources/Licensing/Client/Unity.Licensing.Client.exe")
[Licensing::Module] LicensingClient has failed validation; ignoring
[Licensing::Client] Handshaking with LicensingClient:
  Version:                 1.18.1+9fbee8e
  Session Id:              dabb8c1096f249d0ac0bdd35f1c1aa1c
  Correlation Id:          761efa5b70ba62cc611e21e693e20ccc
  External correlation Id: 4737162422579367222
  Machine Id:              j+KDI9dr2v7fIk8nSuYMBFzlSrU=
[Licensing::Module] Successfully connected to LicensingClient on channel: "LicenseClient-manay-6000.5.3" (connect: 0.00s, validation: 0.00s, handshake: 0.01s)
[Licensing::IpcConnector] Successfully connected to: "LicenseClient-manay-6000.5.3-notifications" at "2026-07-17T04:35:29.2740304Z"
[Licensing::Module] Licensing Background thread has ended after 2.12s
Package Manager log level set to [2]
[Package Manager] Failed to launch server process. Reason: Unity was launched with the -noUpm command-line argument
[Package Manager] Unable to send message (not connected to server process).
[Package Manager] Cannot connect to Unity Package Manager local server
ScheduleIndexationOnStartup MainProcess:False IndexOnStartup:True
Mono: successfully reloaded assembly
- Finished resetting the current domain, in  0.783 seconds
Domain Reload Profiling: 1838ms
	BeginReloadAssembly (265ms)
	RebuildCommonClasses (9ms)
	RebuildNativeTypeToScriptingClass (37ms)
	initialDomainReloadingComplete (136ms)
	LoadAllAssembliesAndSetupDomain (605ms)
		LoadAssemblies (257ms)
		AnalyzeDomain (429ms)
			TypeCache.Refresh (426ms)
				TypeCache.ScanAssembly (400ms)
	FinalizeReload (786ms)
		SetupLoadedEditorAssemblies (0ms)
			InitializePlatformSupportModulesInManaged (5ms)
			BeforeProcessingInitializeOnLoad (196ms)
			ProcessInitializeOnLoadAttributes (202ms)
			ProcessInitializeOnLoadMethodAttributes (215ms)
Initializing Unity extensions:
[Licensing::Client] Successfully resolved entitlement details
[Licensing::Module] License group:
  Id: 10170604318720-UnityPersXXXX
  Product: Unity Personal
  Type: Assigned
  Expiration: Unlimited
Curl error 3: URL rejected: Malformed input to a URL function
========================================================================
Worker process is ready to serve import requests
Import Worker Mode flag is 0x00
Begin MonoManager ReloadAssembly
Refreshing native plugins compatible for Editor in 2.27 ms, found 4 plugins.
Native extension for WindowsStandalone target not found
Native extension for WebGL target not found
[Package Manager] Failed to launch server process. Reason: Unity was launched with the -noUpm command-line argument
[Package Manager] Unable to send message (not connected to server process).
[Package Manager] Cannot connect to Unity Package Manager local server
Refreshing native plugins compatible for Editor in 2.40 ms, found 4 plugins.
[Package Manager] Failed to launch server process. Reason: Unity was launched with the -noUpm command-line argument
[Package Manager] Unable to send message (not connected to server process).
[Package Manager] Cannot connect to Unity Package Manager local server
[MODES] ModeService[none].Initialize
[MODES] ModeService[none].LoadModes
[MODES] Loading mode Default (0) for mode-current-id-Lecture14
ScheduleIndexationOnStartup MainProcess:False IndexOnStartup:True
Mono: successfully reloaded assembly
- Finished resetting the current domain, in  1.575 seconds
Domain Reload Profiling: 3386ms
	BeginReloadAssembly (387ms)
		DisableScriptedObjects (12ms)
		CreateAndSetChildDomain (53ms)
	RebuildCommonClasses (16ms)
	RebuildNativeTypeToScriptingClass (40ms)
	initialDomainReloadingComplete (117ms)
	LoadAllAssembliesAndSetupDomain (1249ms)
		LoadAssemblies (687ms)
		AnalyzeDomain (529ms)
			TypeCache.Refresh (361ms)
				TypeCache.ScanAssembly (334ms)
			BuildScriptInfoCaches (148ms)
			ResolveRequiredComponents (17ms)
	FinalizeReload (1577ms)
		SetupLoadedEditorAssemblies (0ms)
			InitializePlatformSupportModulesInManaged (4ms)
			BeforeProcessingInitializeOnLoad (195ms)
			ProcessInitializeOnLoadAttributes (606ms)
			ProcessInitializeOnLoadMethodAttributes (307ms)
			AfterProcessingInitializeOnLoad (18ms)
		AwakeInstancesAfterBackupRestoration (5ms)
AcceleratorClientConnectionCallback - disconnected - :0
Shader Hidden/ChartRasterizerHardware is not supported: GPU does not support conservative rasterization
Shader Hidden/ChartRasterizerHardware is not supported: GPU does not support conservative rasterization
Launched and connected shader compiler UnityShaderCompiler.exe after 0.01 seconds
Refreshing native plugins compatible for Editor in 2.29 ms, found 4 plugins.
Unloading 25 Unused Serialized files (Serialized files now loaded: 0)
Curl error 3: URL rejected: Malformed input to a URL function
Unloading 6801 unused Assets / (5.9 MB). Loaded Objects now: 7638.
Memory consumption went from 327.3 MB to 321.4 MB.
Total: 21.089200 ms (FindLiveObjects: 1.103900 ms CreateObjectMapping: 3.052600 ms MarkObjects: 12.824500 ms  DeleteObjects: 4.104900 ms)

========================================================================
Received Prepare
AcceleratorClientConnectionCallback - disconnected - :0
Shader Hidden/ChartRasterizerHardware is not supported: GPU does not support conservative rasterization
Refreshing native plugins compatible for Editor in 2.50 ms, found 4 plugins.
Unloading 25 Unused Serialized files (Serialized files now loaded: 0)
Unloading 25 unused Assets / (2.7 MB). Loaded Objects now: 7638.
Memory consumption went from 319.8 MB to 317.1 MB.
Total: 14.174600 ms (FindLiveObjects: 0.648000 ms CreateObjectMapping: 1.117000 ms MarkObjects: 11.763300 ms  DeleteObjects: 0.645100 ms)

Prepare: number of updated asset objects reloaded= 0
========================================================================
Received Import Request.
  Time of request: 2026-07-17T04:35:37.4028206Z
  Time since last request: 156632.91254580000532 seconds.
  importAddress: GUID: 1387039bc95456544801df2846f29b0d - Path: Assets/Materials/Materials/pine-tree-bark-unity - Importer: ScriptedImporter/UnityEditor.QuickSearchModule:UnityEditor.Search:ASIAI0B
Importing 'GUID: 1387039bc95456544801df2846f29b0d - Path: Assets/Materials/Materials/pine-tree-bark-unity - Importer: ScriptedImporter/UnityEditor.QuickSearchModule:UnityEditor.Search:ASIAI0B' with importer (ScriptedImporter : UnityEditor.QuickSearchModule:UnityEditor.Search:ASIAI0B)
Imported 'GUID: 1387039bc95456544801df2846f29b0d' -> (Import Result ID: 'd4cc73e51724be5e7e9a243627c5fd00') in 0.103 seconds [static and dynamic dependencies]. Details - ImportResultOutputID=64bafa32457088327318cabaf75801cf DependenciesID=e37561d03652aa1b4ad3b065c1def395 StaticDependenciesID=e5a68bc0dc25a26a173313c040cf61dc 
Number of updated asset objects reloaded before import = 0
Number of asset objects unloaded after import = 1
========================================================================
Received Prepare
AcceleratorClientConnectionCallback - disconnected - :0
Shader Hidden/ChartRasterizerHardware is not supported: GPU does not support conservative rasterization
Refreshing native plugins compatible for Editor in 2.71 ms, found 4 plugins.
Unloading 25 Unused Serialized files (Serialized files now loaded: 0)
Unloading 25 unused Assets / (2.7 MB). Loaded Objects now: 7640.
Memory consumption went from 323.9 MB to 321.2 MB.
Total: 14.808900 ms (FindLiveObjects: 0.687500 ms CreateObjectMapping: 1.132200 ms MarkObjects: 12.299600 ms  DeleteObjects: 0.688200 ms)

Prepare: number of updated asset objects reloaded= 0
========================================================================
Received Import Request.
  Time of request: 2026-07-17T04:38:36.4949505Z
  Time since last request: 178.97108009999999 seconds.
  importAddress: GUID: ae522d76570673e44be415915200bb8f - Path: Assets/Materials/Wall1.mat - Importer: ScriptedImporter/UnityEditor.QuickSearchModule:UnityEditor.Search:ASIAI0B
Importing 'GUID: ae522d76570673e44be415915200bb8f - Path: Assets/Materials/Wall1.mat - Importer: ScriptedImporter/UnityEditor.QuickSearchModule:UnityEditor.Search:ASIAI0B' with importer (ScriptedImporter : UnityEditor.QuickSearchModule:UnityEditor.Search:ASIAI0B)
Imported 'GUID: ae522d76570673e44be415915200bb8f' -> (Import Result ID: 'a2dec75291e3ef07538fbe36b4866bf1') in 0.081 seconds [static and dynamic dependencies]. Details - ImportResultOutputID=0fa00aa1e6cc4727e1b68ffdb80c975a DependenciesID=de1bd042a9118d57e7048aa26f0bec61 StaticDependenciesID=a7b54de5cadc9c11eda8b5547dd4ee04 
Number of updated asset objects reloaded before import = 0
Number of asset objects unloaded after import = 2
========================================================================
Received Import Request.
  Time of request: 2026-07-17T04:39:20.059556Z
  Time since last request: 43.4669607 seconds.
  importAddress: GUID: 1f21d5ac8dad4734bb43db84411fe576 - Path: Assets/Materials/Materials/ancient-pot1-unity/ancient-pot1_normal-ogl.png - Importer: PreviewImporter
Importing 'GUID: 1f21d5ac8dad4734bb43db84411fe576 - Path: Assets/Materials/Materials/ancient-pot1-unity/ancient-pot1_normal-ogl.png - Importer: PreviewImporter' with importer (PreviewImporter)
Imported 'GUID: 1f21d5ac8dad4734bb43db84411fe576' -> (Import Result ID: '514ac835ae1d6712c5349965e1f92cb2') in 0.096 seconds [static and dynamic dependencies]. Details - ImportResultOutputID=2513cab00d3cbd3963b72ab5b1b81e90 DependenciesID=e3b4ee733bf0e2c406a2fdfdcc184213 StaticDependenciesID=5cc804e6c74e9a65ca3a5ec081c90fd0 
Number of updated asset objects reloaded before import = 0
Number of asset objects unloaded after import = 2
========================================================================
Received Prepare
AcceleratorClientConnectionCallback - disconnected - :0
Shader Hidden/ChartRasterizerHardware is not supported: GPU does not support conservative rasterization
Refreshing native plugins compatible for Editor in 2.56 ms, found 4 plugins.
Unloading 25 Unused Serialized files (Serialized files now loaded: 0)
Unloading 25 unused Assets / (2.7 MB). Loaded Objects now: 7643.
Memory consumption went from 323.1 MB to 320.4 MB.
Total: 15.552700 ms (FindLiveObjects: 0.646200 ms CreateObjectMapping: 1.151300 ms MarkObjects: 13.062700 ms  DeleteObjects: 0.691000 ms)

Prepare: number of updated asset objects reloaded= 0
========================================================================
Received Import Request.
  Time of request: 2026-07-17T04:39:28.4858036Z
  Time since last request: 8.3140047 seconds.
  importAddress: GUID: 1f21d5ac8dad4734bb43db84411fe576 - Path: Assets/Materials/Materials/ancient-pot1-unity/ancient-pot1_normal-ogl.png - Importer: ScriptedImporter/UnityEditor.QuickSearchModule:UnityEditor.Search:ASIAI0B
Importing 'GUID: 1f21d5ac8dad4734bb43db84411fe576 - Path: Assets/Materials/Materials/ancient-pot1-unity/ancient-pot1_normal-ogl.png - Importer: ScriptedImporter/UnityEditor.QuickSearchModule:UnityEditor.Search:ASIAI0B' with importer (ScriptedImporter : UnityEditor.QuickSearchModule:UnityEditor.Search:ASIAI0B)
Imported 'GUID: 1f21d5ac8dad4734bb43db84411fe576' -> (Import Result ID: '8c4192f7f5f5c3795ba5df7650de37ee') in 0.080 seconds [static and dynamic dependencies]. Details - ImportResultOutputID=702f555ee5d2ee95ae95eaad95af6e66 DependenciesID=47b064bc46e85ecaa5e1dabf6ed8f036 StaticDependenciesID=696edf1926a16dbd9cbe73f35fbc99dd 
Number of updated asset objects reloaded before import = 0
Number of asset objects unloaded after import = 1
========================================================================
Received Import Request.
  Time of request: 2026-07-17T04:40:56.4027644Z
  Time since last request: 87.82057 seconds.
  importAddress: GUID: d8cc796d1e3d8854c9a0eb8f8184b4eb - Path: Assets/Materials/Materials/pebbled-asphalt1-unity/pebbled_asphalt_ao.png - Importer: ScriptedImporter/UnityEditor.QuickSearchModule:UnityEditor.Search:ASIAI0B
Importing 'GUID: d8cc796d1e3d8854c9a0eb8f8184b4eb - Path: Assets/Materials/Materials/pebbled-asphalt1-unity/pebbled_asphalt_ao.png - Importer: ScriptedImporter/UnityEditor.QuickSearchModule:UnityEditor.Search:ASIAI0B' with importer (ScriptedImporter : UnityEditor.QuickSearchModule:UnityEditor.Search:ASIAI0B)
Imported 'GUID: d8cc796d1e3d8854c9a0eb8f8184b4eb' -> (Import Result ID: 'e95da329deca5736fb34b68d20184c7e') in 0.016 seconds [static and dynamic dependencies]. Details - ImportResultOutputID=5b430222996da66ba4fde3800bf96621 DependenciesID=6756f5e139ca299a2d96174787679c3e StaticDependenciesID=3a474a5bcf084ad23b4ab33be1479f20 
Number of updated asset objects reloaded before import = 0
Number of asset objects unloaded after import = 1
========================================================================
Received Import Request.
  Time of request: 2026-07-17T04:40:56.4395075Z
  Time since last request: 0.0005887 seconds.
  importAddress: GUID: 485579f8413f7004f9dca23cd867a1c6 - Path: Assets/Materials/Materials/pebbled-asphalt1-unity - Importer: ScriptedImporter/UnityEditor.QuickSearchModule:UnityEditor.Search:ASIAI0B
Importing 'GUID: 485579f8413f7004f9dca23cd867a1c6 - Path: Assets/Materials/Materials/pebbled-asphalt1-unity - Importer: ScriptedImporter/UnityEditor.QuickSearchModule:UnityEditor.Search:ASIAI0B' with importer (ScriptedImporter : UnityEditor.QuickSearchModule:UnityEditor.Search:ASIAI0B)
Imported 'GUID: 485579f8413f7004f9dca23cd867a1c6' -> (Import Result ID: '1cf4cb7e35edd5a75545a0f8dcd1cf45') in 0.005 seconds [static and dynamic dependencies]. Details - ImportResultOutputID=971ec642dc917515a9ccf7675cbf0fbf DependenciesID=f16493a80b072f181359838213054f8c StaticDependenciesID=f0806827aa7e1024ad64121b5087bf30 
Number of updated asset objects reloaded before import = 0
Number of asset objects unloaded after import = 1
========================================================================
Received Import Request.
  Time of request: 2026-07-17T04:40:56.4649959Z
  Time since last request: 0.0004552 seconds.
  importAddress: GUID: 2ee673fb1604abe4aa784768c736cead - Path: Assets/Materials/Materials/pebbled-asphalt1-unity/pebbled_asphalt_Normal-ogl.png - Importer: ScriptedImporter/UnityEditor.QuickSearchModule:UnityEditor.Search:ASIAI0B
Importing 'GUID: 2ee673fb1604abe4aa784768c736cead - Path: Assets/Materials/Materials/pebbled-asphalt1-unity/pebbled_asphalt_Normal-ogl.png - Importer: ScriptedImporter/UnityEditor.QuickSearchModule:UnityEditor.Search:ASIAI0B' with importer (ScriptedImporter : UnityEditor.QuickSearchModule:UnityEditor.Search:ASIAI0B)
Imported 'GUID: 2ee673fb1604abe4aa784768c736cead' -> (Import Result ID: '98654c864243f6f419db83e4c259f75a') in 0.016 seconds [static and dynamic dependencies]. Details - ImportResultOutputID=7362497a8ca3a3bac909b7aff561d6ad DependenciesID=1328daa92d4fca2eeb82ecfcebee4879 StaticDependenciesID=ea8853c850e73002a2084f6113f28562 
Number of updated asset objects reloaded before import = 0
Number of asset objects unloaded after import = 1
========================================================================
Received Import Request.
  Time of request: 2026-07-17T04:40:56.497917Z
  Time since last request: 0.0004802 seconds.
  importAddress: GUID: 129804cff27c9a24782a11a30221bcba - Path: Assets/Materials/Materials/pebbled-asphalt1-unity/pebbled_asphalt_albedo.png - Importer: ScriptedImporter/UnityEditor.QuickSearchModule:UnityEditor.Search:ASIAI0B
Importing 'GUID: 129804cff27c9a24782a11a30221bcba - Path: Assets/Materials/Materials/pebbled-asphalt1-unity/pebbled_asphalt_albedo.png - Importer: ScriptedImporter/UnityEditor.QuickSearchModule:UnityEditor.Search:ASIAI0B' with importer (ScriptedImporter : UnityEditor.QuickSearchModule:UnityEditor.Search:ASIAI0B)
Imported 'GUID: 129804cff27c9a24782a11a30221bcba' -> (Import Result ID: '8862b1de9d7b0ad62f79be1228904783') in 0.014 seconds [static and dynamic dependencies]. Details - ImportResultOutputID=d417381588c1a656c4b2c8aaf62a158d DependenciesID=cb1abd7ad5c5225780888f53aab4d724 StaticDependenciesID=feb6aede041b33ae1b0fa51f6add205b 
Number of updated asset objects reloaded before import = 0
Number of asset objects unloaded after import = 1
========================================================================
Received Import Request.
  Time of request: 2026-07-17T04:40:56.5294554Z
  Time since last request: 0.0004522 seconds.
  importAddress: GUID: 3083f90934366ef42848e7909807c02b - Path: Assets/Materials/Materials/pebbled-asphalt1-unity/pebbled_asphalt_preview.jpg - Importer: ScriptedImporter/UnityEditor.QuickSearchModule:UnityEditor.Search:ASIAI0B
Importing 'GUID: 3083f90934366ef42848e7909807c02b - Path: Assets/Materials/Materials/pebbled-asphalt1-unity/pebbled_asphalt_preview.jpg - Importer: ScriptedImporter/UnityEditor.QuickSearchModule:UnityEditor.Search:ASIAI0B' with importer (ScriptedImporter : UnityEditor.QuickSearchModule:UnityEditor.Search:ASIAI0B)
Imported 'GUID: 3083f90934366ef42848e7909807c02b' -> (Import Result ID: '105e5387ae3f8c3afaf487991b34fcd9') in 0.014 seconds [static and dynamic dependencies]. Details - ImportResultOutputID=ad23bd2137fd83c4c119fe8aaeffd40a DependenciesID=280f4cb2a40e9e9ddab0847e10072cad StaticDependenciesID=454723835f132bd7b9cd46842a3e9754 
Number of updated asset objects reloaded before import = 0
Number of asset objects unloaded after import = 1
========================================================================
Received Import Request.
  Time of request: 2026-07-17T04:41:16.418767Z
  Time since last request: 19.8576702 seconds.
  importAddress: GUID: c2e975e8a074dff45aee75e580a54344 - Path: Assets/Cartoon_Texture_Pack/DIRT/Dirt_Path/Textures/Dirt_Path_Basecolor.png - Importer: PreviewImporter
Importing 'GUID: c2e975e8a074dff45aee75e580a54344 - Path: Assets/Cartoon_Texture_Pack/DIRT/Dirt_Path/Textures/Dirt_Path_Basecolor.png - Importer: PreviewImporter' with importer (PreviewImporter)
Imported 'GUID: c2e975e8a074dff45aee75e580a54344' -> (Import Result ID: '374c5297a7aa186fe12f70adeabeb749') in 0.013 seconds [static and dynamic dependencies]. Details - ImportResultOutputID=27a2904b69e204aeb8ba7b0c2d432f17 DependenciesID=c43df107b436bf229e94c1638afcf9d0 StaticDependenciesID=3c9f70b97516c0662d44e9be60752ccf 
Number of updated asset objects reloaded before import = 0
Number of asset objects unloaded after import = 2
========================================================================
Received Import Request.
  Time of request: 2026-07-17T04:41:16.4484604Z
  Time since last request: 0.0004577 seconds.
  importAddress: GUID: 613465bcd7292c04e9e22cb9c2b62711 - Path: Assets/Cartoon_Texture_Pack/GRASS/GRASS_Dense/GRASS_Dense_Tint_01/Textures/Grass_Dense_Tint_01_Base_AO.png - Importer: PreviewImporter
Importing 'GUID: 613465bcd7292c04e9e22cb9c2b62711 - Path: Assets/Cartoon_Texture_Pack/GRASS/GRASS_Dense/GRASS_Dense_Tint_01/Textures/Grass_Dense_Tint_01_Base_AO.png - Importer: PreviewImporter' with importer (PreviewImporter)
Imported 'GUID: 613465bcd7292c04e9e22cb9c2b62711' -> (Import Result ID: '2dbce1001ab23883bce9f59a92cbaa73') in 0.023 seconds [static and dynamic dependencies]. Details - ImportResultOutputID=4c094ccf0b2dda4fb3b4389bc21d94f9 DependenciesID=1134bd2e38c06c787bcb213aaaf4214e StaticDependenciesID=c04fff04a19b105a7a745c194ed82958 
Number of updated asset objects reloaded before import = 0
Number of asset objects unloaded after import = 2
========================================================================
Received Import Request.
  Time of request: 2026-07-17T04:41:16.4873769Z
  Time since last request: 0.0004331 seconds.
  importAddress: GUID: 48c3f9bf0c6c95b4e8a00c6b9a8162be - Path: Assets/Cartoon_Texture_Pack/DIRT/Dirt_Path/Textures/Dirt_Path_Normal.png - Importer: PreviewImporter
Importing 'GUID: 48c3f9bf0c6c95b4e8a00c6b9a8162be - Path: Assets/Cartoon_Texture_Pack/DIRT/Dirt_Path/Textures/Dirt_Path_Normal.png - Importer: PreviewImporter' with importer (PreviewImporter)
Imported 'GUID: 48c3f9bf0c6c95b4e8a00c6b9a8162be' -> (Import Result ID: 'be0a7c4fd0542198aea4050dd25b8611') in 0.037 seconds [static and dynamic dependencies]. Details - ImportResultOutputID=37ad0b2bb87a89e11b9a8c4d14cd3ffc DependenciesID=daef21e5cacf21b0290ac8f73bd93f1c StaticDependenciesID=087a906bfa8f123643000c6a41e90939 
Number of updated asset objects reloaded before import = 0
Number of asset objects unloaded after import = 2
========================================================================
Received Import Request.
  Time of request: 2026-07-17T04:41:16.5441204Z
  Time since last request: 0.0000346 seconds.
  importAddress: GUID: 84a0082a671cb3642819cc69b89b9353 - Path: Assets/Cartoon_Texture_Pack/GRASS/GRASS_Dense/GRASS_Dense_Tint_01/Textures/Grass_Dense_Tint_01_Base_Basecolor_C.png - Importer: PreviewImporter
Importing 'GUID: 84a0082a671cb3642819cc69b89b9353 - Path: Assets/Cartoon_Texture_Pack/GRASS/GRASS_Dense/GRASS_Dense_Tint_01/Textures/Grass_Dense_Tint_01_Base_Basecolor_C.png - Importer: PreviewImporter' with importer (PreviewImporter)
Imported 'GUID: 84a0082a671cb3642819cc69b89b9353' -> (Import Result ID: 'de14e8507a489554d2ca92bb5bb0fbdf') in 0.012 seconds [static and dynamic dependencies]. Details - ImportResultOutputID=ad38f9bd53f101e767a6bc6e75ece3b8 DependenciesID=d137e56310886b3f75be9a71623c2889 StaticDependenciesID=4bfa2d01386b1ffce2fee1ea63d43082 
Number of updated asset objects reloaded before import = 0
Number of asset objects unloaded after import = 2
========================================================================
Received Import Request.
  Time of request: 2026-07-17T04:41:17.4701721Z
  Time since last request: 0.8962067 seconds.
  importAddress: GUID: 8e04de8547435554b8c484ffb2af8cab - Path: Assets/Cartoon_Texture_Pack/GRASS/GRASS_Dense/GRASS_Dense_Tint_01/Textures/Grass_Dense_Tint_01_Base_Metallic.png - Importer: PreviewImporter
Importing 'GUID: 8e04de8547435554b8c484ffb2af8cab - Path: Assets/Cartoon_Texture_Pack/GRASS/GRASS_Dense/GRASS_Dense_Tint_01/Textures/Grass_Dense_Tint_01_Base_Metallic.png - Importer: PreviewImporter' with importer (PreviewImporter)
Imported 'GUID: 8e04de8547435554b8c484ffb2af8cab' -> (Import Result ID: 'a64bef8555ed0c800b3987b236035f8c') in 0.012 seconds [static and dynamic dependencies]. Details - ImportResultOutputID=0b7d92081baf2ed42405a2a98b5c381a DependenciesID=ee96b5be36cdca05e40bf0fced8f0fa9 StaticDependenciesID=9022c3355624aa703ea75d5bd6436895 
Number of updated asset objects reloaded before import = 0
Number of asset objects unloaded after import = 2
========================================================================
Received Import Request.
  Time of request: 2026-07-17T04:41:17.8213735Z
  Time since last request: 0.3234372 seconds.
  importAddress: GUID: 23c1eb35529d2f84cb892d98eafad538 - Path: Assets/Materials/Materials/ancient-pot1-unity/ancient-pot1_preview.jpg - Importer: PreviewImporter
Importing 'GUID: 23c1eb35529d2f84cb892d98eafad538 - Path: Assets/Materials/Materials/ancient-pot1-unity/ancient-pot1_preview.jpg - Importer: PreviewImporter' with importer (PreviewImporter)
Imported 'GUID: 23c1eb35529d2f84cb892d98eafad538' -> (Import Result ID: '1c239f7e72453875fbf38439f41cf264') in 0.011 seconds [static and dynamic dependencies]. Details - ImportResultOutputID=c0e091ef293665476c6d050e6144e4b4 DependenciesID=e0762bc3836e3d6d4324bb39d927ebab StaticDependenciesID=5a22f2c82378396efae21a968721cd72 
Number of updated asset objects reloaded before import = 0
Number of asset objects unloaded after import = 2
========================================================================
Received Import Request.
  Time of request: 2026-07-17T04:41:18.0527879Z
  Time since last request: 0.2010216 seconds.
  importAddress: GUID: 29f2785ca69c29c4d989fef6a936728c - Path: Assets/Materials/Materials/ancient-pot1-unity/ancient-pot1_metalness.psd - Importer: PreviewImporter
Importing 'GUID: 29f2785ca69c29c4d989fef6a936728c - Path: Assets/Materials/Materials/ancient-pot1-unity/ancient-pot1_metalness.psd - Importer: PreviewImporter' with importer (PreviewImporter)
Imported 'GUID: 29f2785ca69c29c4d989fef6a936728c' -> (Import Result ID: '9831eab05323219d514ec08e0cdff00d') in 0.013 seconds [static and dynamic dependencies]. Details - ImportResultOutputID=15f6b125c21ce5e8544556f107cb4966 DependenciesID=e2f8fbf3f8a799a8250780e3d50ce7df StaticDependenciesID=355eb99307079a3f7a9ccc97cafad15f 
Number of updated asset objects reloaded before import = 0
Number of asset objects unloaded after import = 2
========================================================================
Received Import Request.
  Time of request: 2026-07-17T04:41:18.0853887Z
  Time since last request: 0.0028357 seconds.
  importAddress: GUID: 7ad56e878bbe8d9468ba9ce04c05aaac - Path: Assets/Materials/Materials/ancient-pot1-unity/ancient-pot1_albedo.png - Importer: PreviewImporter
Importing 'GUID: 7ad56e878bbe8d9468ba9ce04c05aaac - Path: Assets/Materials/Materials/ancient-pot1-unity/ancient-pot1_albedo.png - Importer: PreviewImporter' with importer (PreviewImporter)
Imported 'GUID: 7ad56e878bbe8d9468ba9ce04c05aaac' -> (Import Result ID: 'c5bb711067b5451c7e53aa190831cf92') in 0.014 seconds [static and dynamic dependencies]. Details - ImportResultOutputID=0f2115061c9af0ec17de88bcf3c0d469 DependenciesID=39abf378faee08ea20bdf5221a27b6dd StaticDependenciesID=194ae074e9978bc5ea8089d0a29e5c57 
Number of updated asset objects reloaded before import = 0
Number of asset objects unloaded after import = 2
========================================================================
Received Import Request.
  Time of request: 2026-07-17T04:41:18.2934934Z
  Time since last request: 0.1784685 seconds.
  importAddress: GUID: ad3c8f7df5c405849971f0e6516b39df - Path: Assets/Materials/Materials/alley-brick-wall-unity/alley-brick-wall_normal-ogl.png - Importer: PreviewImporter
Importing 'GUID: ad3c8f7df5c405849971f0e6516b39df - Path: Assets/Materials/Materials/alley-brick-wall-unity/alley-brick-wall_normal-ogl.png - Importer: PreviewImporter' with importer (PreviewImporter)
Imported 'GUID: ad3c8f7df5c405849971f0e6516b39df' -> (Import Result ID: '30976f4312babc28df029a2d47d4d55d') in 0.012 seconds [static and dynamic dependencies]. Details - ImportResultOutputID=de907b35842b8332df5b4f394fa6dc68 DependenciesID=47fc55f3b6f22398cb6c74141a16a894 StaticDependenciesID=2a85706693026c74c597a5c33ab29ed4 
Number of updated asset objects reloaded before import = 0
Number of asset objects unloaded after import = 2
========================================================================
Received Import Request.
  Time of request: 2026-07-17T04:41:18.3630338Z
  Time since last request: 0.0419414 seconds.
  importAddress: GUID: ffe98119643ccd547be619732ced94b6 - Path: Assets/Materials/Materials/alley-brick-wall-unity/alley-brick-wall_height.png - Importer: PreviewImporter
Importing 'GUID: ffe98119643ccd547be619732ced94b6 - Path: Assets/Materials/Materials/alley-brick-wall-unity/alley-brick-wall_height.png - Importer: PreviewImporter' with importer (PreviewImporter)
Imported 'GUID: ffe98119643ccd547be619732ced94b6' -> (Import Result ID: '3ec99cb316a74492616aaec27d025d73') in 0.012 seconds [static and dynamic dependencies]. Details - ImportResultOutputID=98907d6f04347b6e43e1cbb87b1fec9b DependenciesID=fb88f5ee761c4bd1c77ad5cef162ffaf StaticDependenciesID=00c53e8a2f06e157e9c73d0900fd3af7 
Number of updated asset objects reloaded before import = 0
Number of asset objects unloaded after import = 2
========================================================================
Received Import Request.
  Time of request: 2026-07-17T04:41:21.6174944Z
  Time since last request: 3.2272341 seconds.
  importAddress: GUID: 438719456ebb7dc44b22000c4571a4ea - Path: Assets/Cartoon_Texture_Pack/GRASS/GRASS_Dense/GRASS_Dense_Tint_01/Textures/Grass_Dense_Tint_01_Leaves_A_AO.png - Importer: PreviewImporter
Importing 'GUID: 438719456ebb7dc44b22000c4571a4ea - Path: Assets/Cartoon_Texture_Pack/GRASS/GRASS_Dense/GRASS_Dense_Tint_01/Textures/Grass_Dense_Tint_01_Leaves_A_AO.png - Importer: PreviewImporter' with importer (PreviewImporter)
Imported 'GUID: 438719456ebb7dc44b22000c4571a4ea' -> (Import Result ID: '1e3378a70113cb47fbc9da4b689534e8') in 0.015 seconds [static and dynamic dependencies]. Details - ImportResultOutputID=bc58c93b12595c8331e8893bbc38e35b DependenciesID=e7b39cd011346b96b0d4d2aee1977a67 StaticDependenciesID=79facbc5329c027f66945572f8bce0cc 
Number of updated asset objects reloaded before import = 0
Number of asset objects unloaded after import = 2
========================================================================
Received Import Request.
  Time of request: 2026-07-17T04:41:29.8590561Z
  Time since last request: 8.2111834 seconds.
  importAddress: GUID: 1acd72c6baa7f814094ccf3696cab74a - Path: Assets/Cartoon_Texture_Pack/GRASS/GRASS_Dense/GRASS_Dense_Tint_01/Textures/Grass_Dense_Tint_01_Leaves_A_Height.png - Importer: PreviewImporter
Importing 'GUID: 1acd72c6baa7f814094ccf3696cab74a - Path: Assets/Cartoon_Texture_Pack/GRASS/GRASS_Dense/GRASS_Dense_Tint_01/Textures/Grass_Dense_Tint_01_Leaves_A_Height.png - Importer: PreviewImporter' with importer (PreviewImporter)
Imported 'GUID: 1acd72c6baa7f814094ccf3696cab74a' -> (Import Result ID: '5a74b72bde62a826a404f67b06031149') in 0.011 seconds [static and dynamic dependencies]. Details - ImportResultOutputID=cb0637bd74214b76391af8c9db460567 DependenciesID=c19b352c6acaef949f4d7a90a7948126 StaticDependenciesID=63cb7944db938081b498bb104d951d86 
Number of updated asset objects reloaded before import = 0
Number of asset objects unloaded after import = 2
========================================================================
Received Prepare
AcceleratorClientConnectionCallback - disconnected - :0
Shader Hidden/ChartRasterizerHardware is not supported: GPU does not support conservative rasterization
Refreshing native plugins compatible for Editor in 2.60 ms, found 4 plugins.
Unloading 25 Unused Serialized files (Serialized files now loaded: 0)
Unloading 25 unused Assets / (2.7 MB). Loaded Objects now: 7645.
Memory consumption went from 324.0 MB to 321.4 MB.
Total: 16.032800 ms (FindLiveObjects: 0.669200 ms CreateObjectMapping: 1.102400 ms MarkObjects: 13.483900 ms  DeleteObjects: 0.776300 ms)

Prepare: number of updated asset objects reloaded= 0
========================================================================
Received Import Request.
  Time of request: 2026-07-17T05:04:16.4933205Z
  Time since last request: 1366.60703869999998 seconds.
  importAddress: GUID: ae522d76570673e44be415915200bb8f - Path: Assets/Materials/Wall1.mat - Importer: ScriptedImporter/UnityEditor.QuickSearchModule:UnityEditor.Search:ASIAI0B
Importing 'GUID: ae522d76570673e44be415915200bb8f - Path: Assets/Materials/Wall1.mat - Importer: ScriptedImporter/UnityEditor.QuickSearchModule:UnityEditor.Search:ASIAI0B' with importer (ScriptedImporter : UnityEditor.QuickSearchModule:UnityEditor.Search:ASIAI0B)
Imported 'GUID: ae522d76570673e44be415915200bb8f' -> (Import Result ID: '9916fcb594e022b9015dc371386ec021') in 0.044 seconds [static and dynamic dependencies]. Details - ImportResultOutputID=e746115a9b173f3f101aa2443df8d4fe DependenciesID=d34fd170e51222ced5a10f859e657ca3 StaticDependenciesID=cfd591466c87bdd5110bbd1ec630b39d 
Number of updated asset objects reloaded before import = 0
Number of asset objects unloaded after import = 7
========================================================================
Received Prepare
AcceleratorClientConnectionCallback - disconnected - :0
Shader Hidden/ChartRasterizerHardware is not supported: GPU does not support conservative rasterization
Refreshing native plugins compatible for Editor in 2.66 ms, found 4 plugins.
Unloading 25 Unused Serialized files (Serialized files now loaded: 0)
Unloading 25 unused Assets / (2.7 MB). Loaded Objects now: 7645.
Memory consumption went from 326.5 MB to 323.8 MB.
Total: 17.063100 ms (FindLiveObjects: 0.682200 ms CreateObjectMapping: 1.139000 ms MarkObjects: 14.547600 ms  DeleteObjects: 0.692800 ms)

Prepare: number of updated asset objects reloaded= 0
========================================================================
Received Import Request.
  Time of request: 2026-07-17T05:11:46.3659424Z
  Time since last request: 449.81028620000001 seconds.
  importAddress: GUID: 28978f28093cc594fadf948eac254615 - Path: Assets/Materials/Wall3.mat - Importer: ScriptedImporter/UnityEditor.QuickSearchModule:UnityEditor.Search:ASIAI0B
Importing 'GUID: 28978f28093cc594fadf948eac254615 - Path: Assets/Materials/Wall3.mat - Importer: ScriptedImporter/UnityEditor.QuickSearchModule:UnityEditor.Search:ASIAI0B' with importer (ScriptedImporter : UnityEditor.QuickSearchModule:UnityEditor.Search:ASIAI0B)
Imported 'GUID: 28978f28093cc594fadf948eac254615' -> (Import Result ID: '49395c4f4b57f7f81eb4774ad6fee85b') in 0.105 seconds [static and dynamic dependencies]. Details - ImportResultOutputID=543119f6b83dc9f0d803f83bbe6fb3ac DependenciesID=fe36e283d5e715543078685ddd4e20ec StaticDependenciesID=46ebe1316769f81ecda01245dc2bd6d3 
Number of updated asset objects reloaded before import = 0
Number of asset objects unloaded after import = 8
========================================================================
Received Import Request.
  Time of request: 2026-07-17T05:14:13.7380728Z
  Time since last request: 147.24792360000001 seconds.
  importAddress: GUID: f857da3d8b701944baaf2af770407084 - Path: Assets/Cartoon_Texture_Pack/GRASS/GRASS_Dense/GRASS_Dense_Tint_01/Textures/Grass_Dense_Tint_01_Leaves_A_Normal.png - Importer: PreviewImporter
Importing 'GUID: f857da3d8b701944baaf2af770407084 - Path: Assets/Cartoon_Texture_Pack/GRASS/GRASS_Dense/GRASS_Dense_Tint_01/Textures/Grass_Dense_Tint_01_Leaves_A_Normal.png - Importer: PreviewImporter' with importer (PreviewImporter)
Imported 'GUID: f857da3d8b701944baaf2af770407084' -> (Import Result ID: '325be526fdec1d22e4fd735fd3348b63') in 0.021 seconds [static and dynamic dependencies]. Details - ImportResultOutputID=bf6a30cd7763b3e370cfbd32b9a87319 DependenciesID=0676e4a308a7ec8c0a14c36695a97cac StaticDependenciesID=6e28822561a6c66dd872230069996a45 
Number of updated asset objects reloaded before import = 0
Number of asset objects unloaded after import = 2
========================================================================
Received Import Request.
  Time of request: 2026-07-17T05:14:14.0909073Z
  Time since last request: 0.3152245 seconds.
  importAddress: GUID: 1d2634ee9f36b834980539d2a726ef75 - Path: Assets/Cartoon_Texture_Pack/GRASS/GRASS_Dense/GRASS_Dense_Tint_01/Textures/Grass_Dense_Tint_01_Leaves_B_Basecolor.png - Importer: PreviewImporter
Importing 'GUID: 1d2634ee9f36b834980539d2a726ef75 - Path: Assets/Cartoon_Texture_Pack/GRASS/GRASS_Dense/GRASS_Dense_Tint_01/Textures/Grass_Dense_Tint_01_Leaves_B_Basecolor.png - Importer: PreviewImporter' with importer (PreviewImporter)
Imported 'GUID: 1d2634ee9f36b834980539d2a726ef75' -> (Import Result ID: '579e36ed92f4c5d9b4b78b6dae154292') in 0.013 seconds [static and dynamic dependencies]. Details - ImportResultOutputID=9c48c15c4d3b50d938115219dd0014af DependenciesID=5729262fab481482600d705564aabc5c StaticDependenciesID=1767ef30a24df1cb0b77546a401e67b3 
Number of updated asset objects reloaded before import = 0
Number of asset objects unloaded after import = 2
========================================================================
Received Import Request.
  Time of request: 2026-07-17T05:14:14.3537876Z
  Time since last request: 0.2329024 seconds.
  importAddress: GUID: f08728fc48f69d043ade98c5d8bd7de8 - Path: Assets/Cartoon_Texture_Pack/GRASS/GRASS_Dense/GRASS_Dense_Tint_01/Textures/Grass_Dense_Tint_01_Leaves_B_Metallic.png - Importer: PreviewImporter
Importing 'GUID: f08728fc48f69d043ade98c5d8bd7de8 - Path: Assets/Cartoon_Texture_Pack/GRASS/GRASS_Dense/GRASS_Dense_Tint_01/Textures/Grass_Dense_Tint_01_Leaves_B_Metallic.png - Importer: PreviewImporter' with importer (PreviewImporter)
Imported 'GUID: f08728fc48f69d043ade98c5d8bd7de8' -> (Import Result ID: '6b26bc5a01270d667e9ed0af74bebb4b') in 0.012 seconds [static and dynamic dependencies]. Details - ImportResultOutputID=4d5de4ce9ef776ea57d32d53631108e2 DependenciesID=a959e3a4178db3ecc677b487659ab8a3 StaticDependenciesID=c23535339302bda3e016c9cb329513f4 
Number of updated asset objects reloaded before import = 0
Number of asset objects unloaded after import = 2
========================================================================
Received Import Request.
  Time of request: 2026-07-17T05:14:14.634867Z
  Time since last request: 0.2528254 seconds.
  importAddress: GUID: c8ece64026143ba438c6460b685c1784 - Path: Assets/Cartoon_Texture_Pack/GRASS/GRASS_Dense/GRASS_Dense_Tint_02/Textures/Grass_Dense_Tint_02_Base_AO.png - Importer: PreviewImporter
Importing 'GUID: c8ece64026143ba438c6460b685c1784 - Path: Assets/Cartoon_Texture_Pack/GRASS/GRASS_Dense/GRASS_Dense_Tint_02/Textures/Grass_Dense_Tint_02_Base_AO.png - Importer: PreviewImporter' with importer (PreviewImporter)
Imported 'GUID: c8ece64026143ba438c6460b685c1784' -> (Import Result ID: '9228ee0c0c3757406a5592102ff34d62') in 0.011 seconds [static and dynamic dependencies]. Details - ImportResultOutputID=e95930a234ae86968922072c8b8d7858 DependenciesID=05e388e296c0b7e2dd62ef8db93c77a6 StaticDependenciesID=8809ced80ef6c3aae8be2172921c4886 
Number of updated asset objects reloaded before import = 0
Number of asset objects unloaded after import = 2
========================================================================
Received Import Request.
  Time of request: 2026-07-17T05:14:14.6820504Z
  Time since last request: 0.0198118 seconds.
  importAddress: GUID: 43a6f2a6855649a458bf3ff1c9643cc2 - Path: Assets/Cartoon_Texture_Pack/GRASS/GRASS_Dense/GRASS_Dense_Tint_02/Textures/Grass_Dense_Tint_02_Base_Basecolor_B.png - Importer: PreviewImporter
Importing 'GUID: 43a6f2a6855649a458bf3ff1c9643cc2 - Path: Assets/Cartoon_Texture_Pack/GRASS/GRASS_Dense/GRASS_Dense_Tint_02/Textures/Grass_Dense_Tint_02_Base_Basecolor_B.png - Importer: PreviewImporter' with importer (PreviewImporter)
Imported 'GUID: 43a6f2a6855649a458bf3ff1c9643cc2' -> (Import Result ID: 'b1d34f8c6112189419caab9ff6b57618') in 0.011 seconds [static and dynamic dependencies]. Details - ImportResultOutputID=ff30b6ab8e489f442ff5cd095ab76ebb DependenciesID=8360c58517af0c1828d07b60f9891836 StaticDependenciesID=71b67def1d52efaed1350223ef103c8c 
Number of updated asset objects reloaded before import = 0
Number of asset objects unloaded after import = 2
========================================================================
Received Import Request.
  Time of request: 2026-07-17T05:14:14.9468864Z
  Time since last request: 0.2374909 seconds.
  importAddress: GUID: d991ba51443f1ce4880788849e30dc44 - Path: Assets/Cartoon_Texture_Pack/GRASS/GRASS_Dense/GRASS_Dense_Tint_02/Textures/Grass_Dense_Tint_02_Base_Height.png - Importer: PreviewImporter
Importing 'GUID: d991ba51443f1ce4880788849e30dc44 - Path: Assets/Cartoon_Texture_Pack/GRASS/GRASS_Dense/GRASS_Dense_Tint_02/Textures/Grass_Dense_Tint_02_Base_Height.png - Importer: PreviewImporter' with importer (PreviewImporter)
Imported 'GUID: d991ba51443f1ce4880788849e30dc44' -> (Import Result ID: 'fdef1729e633506c266ac7681e5d9037') in 0.014 seconds [static and dynamic dependencies]. Details - ImportResultOutputID=2d0aa5c6619283491c6701dfc9b7960b DependenciesID=794d287c31275a7d8e13ce8ba3566525 StaticDependenciesID=879a665e7d570e959ef4c67444ae87bc 
Number of updated asset objects reloaded before import = 0
Number of asset objects unloaded after import = 2
========================================================================
Received Import Request.
  Time of request: 2026-07-17T05:14:15.1867995Z
  Time since last request: 0.2079836 seconds.
  importAddress: GUID: e03fc43880aef6841a7b1814458b4e64 - Path: Assets/Cartoon_Texture_Pack/GRASS/GRASS_Dense/GRASS_Dense_Tint_02/Textures/Grass_Dense_Tint_02_Base_Normal.png - Importer: PreviewImporter
Importing 'GUID: e03fc43880aef6841a7b1814458b4e64 - Path: Assets/Cartoon_Texture_Pack/GRASS/GRASS_Dense/GRASS_Dense_Tint_02/Textures/Grass_Dense_Tint_02_Base_Normal.png - Importer: PreviewImporter' with importer (PreviewImporter)
Imported 'GUID: e03fc43880aef6841a7b1814458b4e64' -> (Import Result ID: '6c3d0d0f6b0b5985b0d0bdd8a3e8d080') in 0.016 seconds [static and dynamic dependencies]. Details - ImportResultOutputID=ff7acd9cfaec9001ef6fc306db360fbf DependenciesID=8457674ad67a78340f8c2a4fd4202f0d StaticDependenciesID=fd46a9474f20322dc5019dc0a8839cbe 
Number of updated asset objects reloaded before import = 0
Number of asset objects unloaded after import = 2
========================================================================
Received Import Request.
  Time of request: 2026-07-17T05:14:15.4427835Z
  Time since last request: 0.2234467 seconds.
  importAddress: GUID: 464397aea913d01409f3d8329f26b705 - Path: Assets/Cartoon_Texture_Pack/GRASS/GRASS_Dense/GRASS_Dense_Tint_02/Textures/Grass_Dense_Tint_02_Leaves_A_Basecolor.png - Importer: PreviewImporter
Importing 'GUID: 464397aea913d01409f3d8329f26b705 - Path: Assets/Cartoon_Texture_Pack/GRASS/GRASS_Dense/GRASS_Dense_Tint_02/Textures/Grass_Dense_Tint_02_Leaves_A_Basecolor.png - Importer: PreviewImporter' with importer (PreviewImporter)
Imported 'GUID: 464397aea913d01409f3d8329f26b705' -> (Import Result ID: '3902cab2c0aa190c3a1b54003c5077fe') in 0.012 seconds [static and dynamic dependencies]. Details - ImportResultOutputID=6f9cfd4e1aeee030a2dec158c73264bf DependenciesID=328b6d26ea2fc3008aa5966bba7638a5 StaticDependenciesID=51a67349f43949b6e6e9a2d5638c3b6c 
Number of updated asset objects reloaded before import = 0
Number of asset objects unloaded after import = 2
========================================================================
Received Import Request.
  Time of request: 2026-07-17T05:14:15.4765514Z
  Time since last request: 0.0060037 seconds.
  importAddress: GUID: fe3f8e1c9353d3a46bf8548c1956529f - Path: Assets/Cartoon_Texture_Pack/GRASS/GRASS_Dense/GRASS_Dense_Tint_02/Textures/Grass_Dense_Tint_02_Leaves_A_Metallic.png - Importer: PreviewImporter
Importing 'GUID: fe3f8e1c9353d3a46bf8548c1956529f - Path: Assets/Cartoon_Texture_Pack/GRASS/GRASS_Dense/GRASS_Dense_Tint_02/Textures/Grass_Dense_Tint_02_Leaves_A_Metallic.png - Importer: PreviewImporter' with importer (PreviewImporter)
Imported 'GUID: fe3f8e1c9353d3a46bf8548c1956529f' -> (Import Result ID: 'd988f01e85b27c9ff1ae3843a69dba8e') in 0.012 seconds [static and dynamic dependencies]. Details - ImportResultOutputID=1ffbc773183f44bd5e71f9fbf94736b7 DependenciesID=70c7477f1ae9028983c29ba48366c6e5 StaticDependenciesID=c9d72d7caa13fb54187d32de3db716b8 
Number of updated asset objects reloaded before import = 0
Number of asset objects unloaded after import = 2
========================================================================
Received Import Request.
  Time of request: 2026-07-17T05:14:15.7221047Z
  Time since last request: 0.2173794 seconds.
  importAddress: GUID: 19f102d8a863ad647a0a6c0b75cdc110 - Path: Assets/Cartoon_Texture_Pack/GRASS/GRASS_Dense/GRASS_Dense_Tint_02/Textures/Grass_Dense_Tint_02_Leaves_B_AO.png - Importer: PreviewImporter
Importing 'GUID: 19f102d8a863ad647a0a6c0b75cdc110 - Path: Assets/Cartoon_Texture_Pack/GRASS/GRASS_Dense/GRASS_Dense_Tint_02/Textures/Grass_Dense_Tint_02_Leaves_B_AO.png - Importer: PreviewImporter' with importer (PreviewImporter)
Imported 'GUID: 19f102d8a863ad647a0a6c0b75cdc110' -> (Import Result ID: '380c1c035ec59f16086cac8187b54ca3') in 0.013 seconds [static and dynamic dependencies]. Details - ImportResultOutputID=ce34c6f1f2294af35b12d37c751d62fb DependenciesID=17fbba2efb44709a5e7061683b159bf0 StaticDependenciesID=b9c6a8e67f200d5414437960036d88bb 
Number of updated asset objects reloaded before import = 0
Number of asset objects unloaded after import = 2
========================================================================
Received Import Request.
  Time of request: 2026-07-17T05:14:15.7510575Z
  Time since last request: 0.0003437 seconds.
  importAddress: GUID: aae5d0c409b2960409c4797c4932938b - Path: Assets/Cartoon_Texture_Pack/GRASS/GRASS_Dense/GRASS_Dense_Tint_02/Textures/Grass_Dense_Tint_02_Leaves_B_Basecolor.png - Importer: PreviewImporter
Importing 'GUID: aae5d0c409b2960409c4797c4932938b - Path: Assets/Cartoon_Texture_Pack/GRASS/GRASS_Dense/GRASS_Dense_Tint_02/Textures/Grass_Dense_Tint_02_Leaves_B_Basecolor.png - Importer: PreviewImporter' with importer (PreviewImporter)
Imported 'GUID: aae5d0c409b2960409c4797c4932938b' -> (Import Result ID: '80dfae664f2f2fffa90ca161990e3b4a') in 0.013 seconds [static and dynamic dependencies]. Details - ImportResultOutputID=8650087a0f9c262db880339241427afa DependenciesID=7ff9764ebc06081f0a0a0d45215b771f StaticDependenciesID=63747443e46f6ccd05f500ab7d4fcb96 
Number of updated asset objects reloaded before import = 0
Number of asset objects unloaded after import = 2
========================================================================
Received Import Request.
  Time of request: 2026-07-17T05:14:15.995492Z
  Time since last request: 0.2151545 seconds.
  importAddress: GUID: 348ff04e4c4973e4fb7f88b376262aee - Path: Assets/Cartoon_Texture_Pack/GRASS/GRASS_Dense/GRASS_Dense_Tint_02/Textures/Grass_Dense_Tint_02_Leaves_B_Normal.png - Importer: PreviewImporter
Importing 'GUID: 348ff04e4c4973e4fb7f88b376262aee - Path: Assets/Cartoon_Texture_Pack/GRASS/GRASS_Dense/GRASS_Dense_Tint_02/Textures/Grass_Dense_Tint_02_Leaves_B_Normal.png - Importer: PreviewImporter' with importer (PreviewImporter)
Imported 'GUID: 348ff04e4c4973e4fb7f88b376262aee' -> (Import Result ID: 'c4a7d6978277aaa5e4940fb427b37a0f') in 0.017 seconds [static and dynamic dependencies]. Details - ImportResultOutputID=49c3854dc066ad0c418f83ef1df18293 DependenciesID=e5facb3125ccae2a76f93e056ca4ea6b StaticDependenciesID=9dd6d606eac89e03b22c71fe3cd60407 
Number of updated asset objects reloaded before import = 0
Number of asset objects unloaded after import = 2
========================================================================
Received Import Request.
  Time of request: 2026-07-17T05:14:16.04435Z
  Time since last request: 0.0138711 seconds.
  importAddress: GUID: b7ee70b4fd03b1c4aafa27cb4db3a673 - Path: Assets/Cartoon_Texture_Pack/GRASS/GRASS_Flower/GRASS_Flower_Tint_01/Texture/Grass_Flower_Tint_01_Base_Basecolor.png - Importer: PreviewImporter
Importing 'GUID: b7ee70b4fd03b1c4aafa27cb4db3a673 - Path: Assets/Cartoon_Texture_Pack/GRASS/GRASS_Flower/GRASS_Flower_Tint_01/Texture/Grass_Flower_Tint_01_Base_Basecolor.png - Importer: PreviewImporter' with importer (PreviewImporter)
Imported 'GUID: b7ee70b4fd03b1c4aafa27cb4db3a673' -> (Import Result ID: '8ffe1f3606d67fc38fe992d168c14028') in 0.012 seconds [static and dynamic dependencies]. Details - ImportResultOutputID=9eb6a7f3bb3f82372fac013f6ae2b940 DependenciesID=edb5892dc4bcde0efaeb00a863c7c34a StaticDependenciesID=153890debee0b62f50243061ffdee460 
Number of updated asset objects reloaded before import = 0
Number of asset objects unloaded after import = 2
========================================================================
Received Import Request.
  Time of request: 2026-07-17T05:14:16.2900391Z
  Time since last request: 0.2178392 seconds.
  importAddress: GUID: 6f242f2310130634c8233d812468c06b - Path: Assets/Cartoon_Texture_Pack/GRASS/GRASS_Flower/GRASS_Flower_Tint_01/Texture/Grass_Flower_Tint_01_Base_Metallic.png - Importer: PreviewImporter
Importing 'GUID: 6f242f2310130634c8233d812468c06b - Path: Assets/Cartoon_Texture_Pack/GRASS/GRASS_Flower/GRASS_Flower_Tint_01/Texture/Grass_Flower_Tint_01_Base_Metallic.png - Importer: PreviewImporter' with importer (PreviewImporter)
Imported 'GUID: 6f242f2310130634c8233d812468c06b' -> (Import Result ID: '788205a63ad13825f78bf9074e27c8eb') in 0.012 seconds [static and dynamic dependencies]. Details - ImportResultOutputID=f18bbc15b7f6fba162c10b80e3304619 DependenciesID=1d777c69aea54dfc9edb213a81b6a7ea StaticDependenciesID=98d47afc911348fa8e81beff5c69b3b7 
Number of updated asset objects reloaded before import = 0
Number of asset objects unloaded after import = 2
========================================================================
Received Import Request.
  Time of request: 2026-07-17T05:14:16.3395699Z
  Time since last request: 0.0211255 seconds.
  importAddress: GUID: 32b4e81f00117b640a57a7291579fc2f - Path: Assets/Cartoon_Texture_Pack/GRASS/GRASS_Flower/GRASS_Flower_Tint_01/Texture/Grass_Flower_Tint_01_FlowerBlue_A_AO.png - Importer: PreviewImporter
Importing 'GUID: 32b4e81f00117b640a57a7291579fc2f - Path: Assets/Cartoon_Texture_Pack/GRASS/GRASS_Flower/GRASS_Flower_Tint_01/Texture/Grass_Flower_Tint_01_FlowerBlue_A_AO.png - Importer: PreviewImporter' with importer (PreviewImporter)
Imported 'GUID: 32b4e81f00117b640a57a7291579fc2f' -> (Import Result ID: '02bcedcfcea91fea0032472bc48791d0') in 0.011 seconds [static and dynamic dependencies]. Details - ImportResultOutputID=aef916ede3293c43f6791ffc45449e49 DependenciesID=29c2ba5cfba4c073d76f7c1bb638d306 StaticDependenciesID=6bf7f162247e4f1b82a75ae128e7f9b4 
Number of updated asset objects reloaded before import = 0
Number of asset objects unloaded after import = 2
========================================================================
Received Import Request.
  Time of request: 2026-07-17T05:14:16.5615621Z
  Time since last request: 0.1946013 seconds.
  importAddress: GUID: 4337db0f839a7db4db64774a69e0173d - Path: Assets/Cartoon_Texture_Pack/GRASS/GRASS_Flower/GRASS_Flower_Tint_01/Texture/Grass_Flower_Tint_01_FlowerBlue_A_Height.png - Importer: PreviewImporter
Importing 'GUID: 4337db0f839a7db4db64774a69e0173d - Path: Assets/Cartoon_Texture_Pack/GRASS/GRASS_Flower/GRASS_Flower_Tint_01/Texture/Grass_Flower_Tint_01_FlowerBlue_A_Height.png - Importer: PreviewImporter' with importer (PreviewImporter)
Imported 'GUID: 4337db0f839a7db4db64774a69e0173d' -> (Import Result ID: '9351ab0cca05adbb7520350939c462bd') in 0.011 seconds [static and dynamic dependencies]. Details - ImportResultOutputID=f97a508314d91fcd12536d524116b616 DependenciesID=c789686678f7cfa7339aff67d0e858d5 StaticDependenciesID=f2a63f65bcb61d483ee5090979c05c8b 
Number of updated asset objects reloaded before import = 0
Number of asset objects unloaded after import = 2
========================================================================
Received Import Request.
  Time of request: 2026-07-17T05:14:16.6109675Z
  Time since last request: 0.0218438 seconds.
  importAddress: GUID: 99d51d66c27f3144395a86ff2f0ffea7 - Path: Assets/Cartoon_Texture_Pack/GRASS/GRASS_Flower/GRASS_Flower_Tint_01/Texture/Grass_Flower_Tint_01_FlowerBlue_A_Normal.png - Importer: PreviewImporter
Importing 'GUID: 99d51d66c27f3144395a86ff2f0ffea7 - Path: Assets/Cartoon_Texture_Pack/GRASS/GRASS_Flower/GRASS_Flower_Tint_01/Texture/Grass_Flower_Tint_01_FlowerBlue_A_Normal.png - Importer: PreviewImporter' with importer (PreviewImporter)
Imported 'GUID: 99d51d66c27f3144395a86ff2f0ffea7' -> (Import Result ID: '901a177e309b1e6769f124ef2caf61f5') in 0.014 seconds [static and dynamic dependencies]. Details - ImportResultOutputID=1a62bae37a8833ae1924eb139569f14e DependenciesID=528314cab5cc2ce1c766acf9f2b8644f StaticDependenciesID=f3b76408889dcd27f38af0dc356a8961 
Number of updated asset objects reloaded before import = 0
Number of asset objects unloaded after import = 2
========================================================================
Received Import Request.
  Time of request: 2026-07-17T05:14:16.8351943Z
  Time since last request: 0.1942852 seconds.
  importAddress: GUID: 9cf90a6e517ec2d408eb16fabbd8c0dd - Path: Assets/Cartoon_Texture_Pack/GRASS/GRASS_Flower/GRASS_Flower_Tint_01/Texture/Grass_Flower_Tint_01_FlowerBlue_B_Basecolor.png - Importer: PreviewImporter
Importing 'GUID: 9cf90a6e517ec2d408eb16fabbd8c0dd - Path: Assets/Cartoon_Texture_Pack/GRASS/GRASS_Flower/GRASS_Flower_Tint_01/Texture/Grass_Flower_Tint_01_FlowerBlue_B_Basecolor.png - Importer: PreviewImporter' with importer (PreviewImporter)
Imported 'GUID: 9cf90a6e517ec2d408eb16fabbd8c0dd' -> (Import Result ID: '0d17e1e9cadf07493284b0fc04773c13') in 0.011 seconds [static and dynamic dependencies]. Details - ImportResultOutputID=d8363c79680855674001b28e9f8a4dd5 DependenciesID=d87683038ac385c9408ee3675d57abe2 StaticDependenciesID=a240ab46ba1045d4890e3d45553b59e6 
Number of updated asset objects reloaded before import = 0
Number of asset objects unloaded after import = 2
========================================================================
Received Import Request.
  Time of request: 2026-07-17T05:14:17.122956Z
  Time since last request: 0.2603982 seconds.
  importAddress: GUID: f1453e85cf1aa0342bdfa987cf394192 - Path: Assets/Cartoon_Texture_Pack/GRASS/GRASS_Flower/GRASS_Flower_Tint_01/Texture/Grass_Flower_Tint_01_FlowerBlue_B_Metallic.png - Importer: PreviewImporter
Importing 'GUID: f1453e85cf1aa0342bdfa987cf394192 - Path: Assets/Cartoon_Texture_Pack/GRASS/GRASS_Flower/GRASS_Flower_Tint_01/Texture/Grass_Flower_Tint_01_FlowerBlue_B_Metallic.png - Importer: PreviewImporter' with importer (PreviewImporter)
Imported 'GUID: f1453e85cf1aa0342bdfa987cf394192' -> (Import Result ID: 'e781b047d14ad32d8a9379aa1efae0aa') in 0.012 seconds [static and dynamic dependencies]. Details - ImportResultOutputID=6c4cd365b3c8e354cfe51d9e3da32a62 DependenciesID=9405bd30e11c35b0cfc333c5c0495a89 StaticDependenciesID=9d14ffe58303c18af39d3c092af165f5 
Number of updated asset objects reloaded before import = 0
Number of asset objects unloaded after import = 2
========================================================================
Received Import Request.
  Time of request: 2026-07-17T05:14:17.1553415Z
  Time since last request: 0.0047411 seconds.
  importAddress: GUID: cf6f0536a00d5cd46968cb159767635e - Path: Assets/Cartoon_Texture_Pack/GRASS/GRASS_Flower/GRASS_Flower_Tint_01/Texture/Grass_Flower_Tint_01_FlowerPurple_A_AO.png - Importer: PreviewImporter
Importing 'GUID: cf6f0536a00d5cd46968cb159767635e - Path: Assets/Cartoon_Texture_Pack/GRASS/GRASS_Flower/GRASS_Flower_Tint_01/Texture/Grass_Flower_Tint_01_FlowerPurple_A_AO.png - Importer: PreviewImporter' with importer (PreviewImporter)
Imported 'GUID: cf6f0536a00d5cd46968cb159767635e' -> (Import Result ID: 'b8a21342d96cfd986eb73fb4ff946571') in 0.011 seconds [static and dynamic dependencies]. Details - ImportResultOutputID=5e09ad24be029c3b10cded50440aa161 DependenciesID=e13cf8b04e1959b8f5079ed55a2bbfb0 StaticDependenciesID=6e286897a4ec7dbd92b18325b06e4c92 
Number of updated asset objects reloaded before import = 0
Number of asset objects unloaded after import = 2
========================================================================
Received Import Request.
  Time of request: 2026-07-17T05:14:17.3944523Z
  Time since last request: 0.2107646 seconds.
  importAddress: GUID: eba780d4688de69499c47bc9397f1cd6 - Path: Assets/Cartoon_Texture_Pack/GRASS/GRASS_Flower/GRASS_Flower_Tint_01/Texture/Grass_Flower_Tint_01_FlowerPurple_A_Height.png - Importer: PreviewImporter
Importing 'GUID: eba780d4688de69499c47bc9397f1cd6 - Path: Assets/Cartoon_Texture_Pack/GRASS/GRASS_Flower/GRASS_Flower_Tint_01/Texture/Grass_Flower_Tint_01_FlowerPurple_A_Height.png - Importer: PreviewImporter' with importer (PreviewImporter)
Imported 'GUID: eba780d4688de69499c47bc9397f1cd6' -> (Import Result ID: 'e9b297cbae28fb9235f01f373963d822') in 0.011 seconds [static and dynamic dependencies]. Details - ImportResultOutputID=c30ba38c2d7e65d9acb16bd8d4064f98 DependenciesID=43187bfa215b44cd0d6b3f8764e140e6 StaticDependenciesID=8b556e0993d4340aee71941e0354531e 
Number of updated asset objects reloaded before import = 0
Number of asset objects unloaded after import = 2
========================================================================
Received Import Request.
  Time of request: 2026-07-17T05:14:17.6345757Z
  Time since last request: 0.2122716 seconds.
  importAddress: GUID: 4f7d5178621fc2344b289cc25b239f43 - Path: Assets/Cartoon_Texture_Pack/GRASS/GRASS_Flower/GRASS_Flower_Tint_01/Texture/Grass_Flower_Tint_01_FlowerPurple_A_Normal.png - Importer: PreviewImporter
Importing 'GUID: 4f7d5178621fc2344b289cc25b239f43 - Path: Assets/Cartoon_Texture_Pack/GRASS/GRASS_Flower/GRASS_Flower_Tint_01/Texture/Grass_Flower_Tint_01_FlowerPurple_A_Normal.png - Importer: PreviewImporter' with importer (PreviewImporter)
Imported 'GUID: 4f7d5178621fc2344b289cc25b239f43' -> (Import Result ID: '0ba0f461cbdfd086e7dec84dc28cd33c') in 0.014 seconds [static and dynamic dependencies]. Details - ImportResultOutputID=fe9320f9c78370110e17045b22830072 DependenciesID=3fe4515f93f2e8deb133260c1428df4d StaticDependenciesID=a1e040b53a7f286261f8caf151cb8c9c 
Number of updated asset objects reloaded before import = 0
Number of asset objects unloaded after import = 2
========================================================================
Received Import Request.
  Time of request: 2026-07-17T05:14:17.6667937Z
  Time since last request: 0.0021943 seconds.
  importAddress: GUID: cd5df956a22dcba48913a8fbbc68487c - Path: Assets/Cartoon_Texture_Pack/GRASS/GRASS_Flower/GRASS_Flower_Tint_01/Texture/Grass_Flower_Tint_01_FlowerPurple_B_Basecolor.png - Importer: PreviewImporter
Importing 'GUID: cd5df956a22dcba48913a8fbbc68487c - Path: Assets/Cartoon_Texture_Pack/GRASS/GRASS_Flower/GRASS_Flower_Tint_01/Texture/Grass_Flower_Tint_01_FlowerPurple_B_Basecolor.png - Importer: PreviewImporter' with importer (PreviewImporter)
Imported 'GUID: cd5df956a22dcba48913a8fbbc68487c' -> (Import Result ID: 'aa434469a161c27dcfe7891d5c4a3474') in 0.013 seconds [static and dynamic dependencies]. Details - ImportResultOutputID=a8df15fb033072f216eaa543e4a07390 DependenciesID=8fc62a34cd0c7e357f469a8ed1c2b05c StaticDependenciesID=e60c6761f05a76c2fb6db1f21a8c4470 
Number of updated asset objects reloaded before import = 0
Number of asset objects unloaded after import = 2
========================================================================
Received Import Request.
  Time of request: 2026-07-17T05:14:17.9062421Z
  Time since last request: 0.2107016 seconds.
  importAddress: GUID: 5c5cdd5494a5c7e468c9fad723f79bba - Path: Assets/Cartoon_Texture_Pack/GRASS/GRASS_Flower/GRASS_Flower_Tint_01/Texture/Grass_Flower_Tint_01_FlowerPurple_B_Metallic.png - Importer: PreviewImporter
Importing 'GUID: 5c5cdd5494a5c7e468c9fad723f79bba - Path: Assets/Cartoon_Texture_Pack/GRASS/GRASS_Flower/GRASS_Flower_Tint_01/Texture/Grass_Flower_Tint_01_FlowerPurple_B_Metallic.png - Importer: PreviewImporter' with importer (PreviewImporter)
Imported 'GUID: 5c5cdd5494a5c7e468c9fad723f79bba' -> (Import Result ID: 'ffe36104ff40769c99c79c89dd23fe8a') in 0.012 seconds [static and dynamic dependencies]. Details - ImportResultOutputID=fe69302c0d1c60758a2881e5128bb185 DependenciesID=1a90480d76c231734189b81feb08b5df StaticDependenciesID=5f8815f15333d76ea28210ad4aab80f6 
Number of updated asset objects reloaded before import = 0
Number of asset objects unloaded after import = 2
========================================================================
Received Import Request.
  Time of request: 2026-07-17T05:14:18.1306164Z
  Time since last request: 0.1942908 seconds.
  importAddress: GUID: 72f3065df19e9cb49a77a4ccb8c5cca1 - Path: Assets/Cartoon_Texture_Pack/GRASS/GRASS_Flower/GRASS_Flower_Tint_01/Texture/Grass_Flower_Tint_01_FlowerRed_A_AO.png - Importer: PreviewImporter
Importing 'GUID: 72f3065df19e9cb49a77a4ccb8c5cca1 - Path: Assets/Cartoon_Texture_Pack/GRASS/GRASS_Flower/GRASS_Flower_Tint_01/Texture/Grass_Flower_Tint_01_FlowerRed_A_AO.png - Importer: PreviewImporter' with importer (PreviewImporter)
Imported 'GUID: 72f3065df19e9cb49a77a4ccb8c5cca1' -> (Import Result ID: '693843c2895ed4257a56ac0d87702775') in 0.016 seconds [static and dynamic dependencies]. Details - ImportResultOutputID=6cd55a4b05d2d70f5619c5362105422a DependenciesID=c3ca445b3cb00de43287c92fe20e5a08 StaticDependenciesID=c2622ee5ee8b26acd4e28333f3471923 
Number of updated asset objects reloaded before import = 0
Number of asset objects unloaded after import = 2
========================================================================
Received Import Request.
  Time of request: 2026-07-17T05:14:19.0117052Z
  Time since last request: 0.8475123 seconds.
  importAddress: GUID: a5a70bcfc54f2994eb854ed43c7be87a - Path: Assets/Cartoon_Texture_Pack/GRASS/GRASS_Flower/GRASS_Flower_Tint_01/Texture/Grass_Flower_Tint_01_FlowerRed_A_Height.png - Importer: PreviewImporter
Importing 'GUID: a5a70bcfc54f2994eb854ed43c7be87a - Path: Assets/Cartoon_Texture_Pack/GRASS/GRASS_Flower/GRASS_Flower_Tint_01/Texture/Grass_Flower_Tint_01_FlowerRed_A_Height.png - Importer: PreviewImporter' with importer (PreviewImporter)
Imported 'GUID: a5a70bcfc54f2994eb854ed43c7be87a' -> (Import Result ID: '59c7580ebff3873bc740db0af439d204') in 0.013 seconds [static and dynamic dependencies]. Details - ImportResultOutputID=a5da38f47f476ac108e3dc7655df337f DependenciesID=dddb5264b49c2f8d4bc45f3c5bb79145 StaticDependenciesID=92e99162e915c6fc6c2a6a27037fe244 
Number of updated asset objects reloaded before import = 0
Number of asset objects unloaded after import = 2
========================================================================
Received Import Request.
  Time of request: 2026-07-17T05:14:19.0404582Z
  Time since last request: 0.000394 seconds.
  importAddress: GUID: 566b12d8fd087bd4c8a2392f49e876f2 - Path: Assets/Cartoon_Texture_Pack/GRASS/GRASS_Flower/GRASS_Flower_Tint_01/Texture/Grass_Flower_Tint_01_FlowerRed_A_metallic.png - Importer: PreviewImporter
Importing 'GUID: 566b12d8fd087bd4c8a2392f49e876f2 - Path: Assets/Cartoon_Texture_Pack/GRASS/GRASS_Flower/GRASS_Flower_Tint_01/Texture/Grass_Flower_Tint_01_FlowerRed_A_metallic.png - Importer: PreviewImporter' with importer (PreviewImporter)
Imported 'GUID: 566b12d8fd087bd4c8a2392f49e876f2' -> (Import Result ID: 'fd59802c5a578e2b7635f5fa362cd0e7') in 0.014 seconds [static and dynamic dependencies]. Details - ImportResultOutputID=e11083177518d7c82fb5cb249736743d DependenciesID=eb1a197f4b87a43042fc04f8f308ef10 StaticDependenciesID=0f15b136704e8a4ec8169349a9fa8299 
Number of updated asset objects reloaded before import = 0
Number of asset objects unloaded after import = 2
========================================================================
Received Import Request.
  Time of request: 2026-07-17T05:14:19.070905Z
  Time since last request: 0.000284 seconds.
  importAddress: GUID: 4ff36c5810052c540a1414e2bc800a44 - Path: Assets/Cartoon_Texture_Pack/GRASS/GRASS_Flower/GRASS_Flower_Tint_01/Texture/Grass_Flower_Tint_01_FlowerYellow_B_Metallic.png - Importer: PreviewImporter
Importing 'GUID: 4ff36c5810052c540a1414e2bc800a44 - Path: Assets/Cartoon_Texture_Pack/GRASS/GRASS_Flower/GRASS_Flower_Tint_01/Texture/Grass_Flower_Tint_01_FlowerYellow_B_Metallic.png - Importer: PreviewImporter' with importer (PreviewImporter)
Imported 'GUID: 4ff36c5810052c540a1414e2bc800a44' -> (Import Result ID: '0990bdae4c43fbf7a56b135be19e968a') in 0.015 seconds [static and dynamic dependencies]. Details - ImportResultOutputID=84c241d81f137d2b1dbdc0abb1650ccf DependenciesID=95ac259524e542c539ae47e00a47caff StaticDependenciesID=843023ce2378c9c6ce2b25dc3dea48b0 
Number of updated asset objects reloaded before import = 0
Number of asset objects unloaded after import = 2
========================================================================
Received Import Request.
  Time of request: 2026-07-17T05:14:19.1014711Z
  Time since last request: 0.000307 seconds.
  importAddress: GUID: fdecb5767e47411408963ab5a67bbf7e - Path: Assets/Cartoon_Texture_Pack/GRASS/GRASS_Flower/GRASS_Flower_Tint_01/Texture/Grass_Flower_Tint_01_Rocks_Basecolor.png - Importer: PreviewImporter
Importing 'GUID: fdecb5767e47411408963ab5a67bbf7e - Path: Assets/Cartoon_Texture_Pack/GRASS/GRASS_Flower/GRASS_Flower_Tint_01/Texture/Grass_Flower_Tint_01_Rocks_Basecolor.png - Importer: PreviewImporter' with importer (PreviewImporter)
Imported 'GUID: fdecb5767e47411408963ab5a67bbf7e' -> (Import Result ID: 'b9c5233689f13ecde43312d37a5affff') in 0.018 seconds [static and dynamic dependencies]. Details - ImportResultOutputID=b19bfaa3321170d2ad8b60f10a3044fb DependenciesID=2843bc2726c111860e3dd022c2e5b251 StaticDependenciesID=c21f78ec0b54f1a0d00f5ffd1690af81 
Number of updated asset objects reloaded before import = 0
Number of asset objects unloaded after import = 2
========================================================================
Received Import Request.
  Time of request: 2026-07-17T05:14:19.1930979Z
  Time since last request: 0.0580449 seconds.
  importAddress: GUID: 0f3a2c212c46e1a4a9e33778695670fe - Path: Assets/Cartoon_Texture_Pack/GRASS/GRASS_Flower/GRASS_Flower_Tint_02/Texture/Grass_Flower_Tint_02_Base_AO.png - Importer: PreviewImporter
Importing 'GUID: 0f3a2c212c46e1a4a9e33778695670fe - Path: Assets/Cartoon_Texture_Pack/GRASS/GRASS_Flower/GRASS_Flower_Tint_02/Texture/Grass_Flower_Tint_02_Base_AO.png - Importer: PreviewImporter' with importer (PreviewImporter)
Imported 'GUID: 0f3a2c212c46e1a4a9e33778695670fe' -> (Import Result ID: '8166645f208fd122c7c7e27c907b9720') in 0.017 seconds [static and dynamic dependencies]. Details - ImportResultOutputID=94f2a407f1379fd60cc3f45d844b9394 DependenciesID=bec4c50e50b013ee66f6d3c20a29639b StaticDependenciesID=0a1bde8a6e485f44e3186a11710381d4 
Number of updated asset objects reloaded before import = 0
Number of asset objects unloaded after import = 2
========================================================================
Received Import Request.
  Time of request: 2026-07-17T05:14:19.2271169Z
  Time since last request: 0.0004366 seconds.
  importAddress: GUID: dc0dde192bdff56498c64e6352b66e1e - Path: Assets/Cartoon_Texture_Pack/ROOF/ROOF_SquareTile_Flat/Textures/Roof_SquareTile_Flat_Height.png - Importer: PreviewImporter
Importing 'GUID: dc0dde192bdff56498c64e6352b66e1e - Path: Assets/Cartoon_Texture_Pack/ROOF/ROOF_SquareTile_Flat/Textures/Roof_SquareTile_Flat_Height.png - Importer: PreviewImporter' with importer (PreviewImporter)
Imported 'GUID: dc0dde192bdff56498c64e6352b66e1e' -> (Import Result ID: 'ba5260d73c4209e7fcffbabaeff86787') in 0.013 seconds [static and dynamic dependencies]. Details - ImportResultOutputID=829d82703c69ddca509a5df6e93ed5d1 DependenciesID=0837f9a28eb085141f68a3a294163d0f StaticDependenciesID=c7bb33556dcc578e27cede9203c8f189 
Number of updated asset objects reloaded before import = 0
Number of asset objects unloaded after import = 2
========================================================================
Received Import Request.
  Time of request: 2026-07-17T05:14:19.2623784Z
  Time since last request: 0.0002767 seconds.
  importAddress: GUID: 49511ffb2d76db440a4011308f286b06 - Path: Assets/Cartoon_Texture_Pack/ROOF/ROOF_SquareTile_Flat/Textures/Roof_SquareTile_Flat_Basecolor_B.png - Importer: PreviewImporter
Importing 'GUID: 49511ffb2d76db440a4011308f286b06 - Path: Assets/Cartoon_Texture_Pack/ROOF/ROOF_SquareTile_Flat/Textures/Roof_SquareTile_Flat_Basecolor_B.png - Importer: PreviewImporter' with importer (PreviewImporter)
Imported 'GUID: 49511ffb2d76db440a4011308f286b06' -> (Import Result ID: '0268d63ca4923bcfdc07afcc66d421cd') in 0.012 seconds [static and dynamic dependencies]. Details - ImportResultOutputID=eb872589579761cd7ab80c3fecf7dba9 DependenciesID=a0d3e2773d64ad51a43d95e0614aa5b0 StaticDependenciesID=eb7a2c65cd6f1bdef9054dd8c1e85143 
Number of updated asset objects reloaded before import = 0
Number of asset objects unloaded after import = 2
========================================================================
Received Import Request.
  Time of request: 2026-07-17T05:14:19.2915401Z
  Time since last request: 0.0004797 seconds.
  importAddress: GUID: 1dbba123699181346b5d6802a9cea937 - Path: Assets/Cartoon_Texture_Pack/ROOF/ROOF_SquareTile_Flat/Textures/Roof_SquareTile_Flat_Basecolor_C.png - Importer: PreviewImporter
Importing 'GUID: 1dbba123699181346b5d6802a9cea937 - Path: Assets/Cartoon_Texture_Pack/ROOF/ROOF_SquareTile_Flat/Textures/Roof_SquareTile_Flat_Basecolor_C.png - Importer: PreviewImporter' with importer (PreviewImporter)
Imported 'GUID: 1dbba123699181346b5d6802a9cea937' -> (Import Result ID: 'd50c25d454fdb17e1fe8cfc92ab99a7d') in 0.012 seconds [static and dynamic dependencies]. Details - ImportResultOutputID=7efcec3af202855b3fd8c57737ea0b4a DependenciesID=e3653f0017f0f2ee619fae3ce1c8fd20 StaticDependenciesID=337e4eac6849c0a1fb6cec508b53426c 
Number of updated asset objects reloaded before import = 0
Number of asset objects unloaded after import = 2
========================================================================
Received Import Request.
  Time of request: 2026-07-17T05:14:19.3235312Z
  Time since last request: 0.0004673 seconds.
  importAddress: GUID: 50a8de211dd2ceb4aba48296e24de35c - Path: Assets/Cartoon_Texture_Pack/GRASS/GRASS_Flower/GRASS_Flower_Tint_01/Texture/Grass_Flower_Tint_01_Rocks_Normal.png - Importer: PreviewImporter
Importing 'GUID: 50a8de211dd2ceb4aba48296e24de35c - Path: Assets/Cartoon_Texture_Pack/GRASS/GRASS_Flower/GRASS_Flower_Tint_01/Texture/Grass_Flower_Tint_01_Rocks_Normal.png - Importer: PreviewImporter' with importer (PreviewImporter)
Imported 'GUID: 50a8de211dd2ceb4aba48296e24de35c' -> (Import Result ID: '835530056230e77fa0a3a8830345b452') in 0.015 seconds [static and dynamic dependencies]. Details - ImportResultOutputID=31d573e41daf4988621f11a73f6dba4f DependenciesID=f1bc676beed221c8686442b601378bf4 StaticDependenciesID=e09227e898e365e469594c198f3eeaf9 
Number of updated asset objects reloaded before import = 0
Number of asset objects unloaded after import = 2
========================================================================
Received Import Request.
  Time of request: 2026-07-17T05:14:19.3552631Z
  Time since last request: 0.0004359 seconds.
  importAddress: GUID: 6ad9646cf6375114daab376f66d0ecd5 - Path: Assets/Cartoon_Texture_Pack/GRASS/GRASS_Flower/GRASS_Flower_Tint_01/Texture/Grass_Flower_Tint_01_Rocks_Height.png - Importer: PreviewImporter
Importing 'GUID: 6ad9646cf6375114daab376f66d0ecd5 - Path: Assets/Cartoon_Texture_Pack/GRASS/GRASS_Flower/GRASS_Flower_Tint_01/Texture/Grass_Flower_Tint_01_Rocks_Height.png - Importer: PreviewImporter' with importer (PreviewImporter)
Imported 'GUID: 6ad9646cf6375114daab376f66d0ecd5' -> (Import Result ID: '19515106e2068971303ee06eb2ec38ca') in 0.012 seconds [static and dynamic dependencies]. Details - ImportResultOutputID=5937f7b01ac3082effabb5ade2c8b745 DependenciesID=581ec15a36930478f7ca8e055e01e9c3 StaticDependenciesID=5e6701b162aa7e84424189e6779d5b1f 
Number of updated asset objects reloaded before import = 0
Number of asset objects unloaded after import = 2
========================================================================
Received Import Request.
  Time of request: 2026-07-17T05:14:19.387549Z
  Time since last request: 0.000422 seconds.
  importAddress: GUID: 2dcbbcd50a204574ea3a7945c9fb356e - Path: Assets/Cartoon_Texture_Pack/ROOF/ROOF_SquareTile_Bump/Textures/Roof_SquareTile_Bump_Metallic.png - Importer: PreviewImporter
Importing 'GUID: 2dcbbcd50a204574ea3a7945c9fb356e - Path: Assets/Cartoon_Texture_Pack/ROOF/ROOF_SquareTile_Bump/Textures/Roof_SquareTile_Bump_Metallic.png - Importer: PreviewImporter' with importer (PreviewImporter)
Imported 'GUID: 2dcbbcd50a204574ea3a7945c9fb356e' -> (Import Result ID: 'd94bcc72954d7fc8b2c016adb0345465') in 0.012 seconds [static and dynamic dependencies]. Details - ImportResultOutputID=d82d73626f0912a74f94dbc132f42204 DependenciesID=e5e43cdc4ce69a47381e44c5aabb9f77 StaticDependenciesID=8e4137f519556a9805378ab75636f969 
Number of updated asset objects reloaded before import = 0
Number of asset objects unloaded after import = 2
Editor requested this worker to shutdown with reason: Scaling down because of idle timeout
AcceleratorClientConnectionCallback - disconnected - :0
AssetImportWorker is now disconnected from the server
Process exiting
Exiting without the bug reporter. Application will terminate with return code 0